# JRE version: Java(TM) SE Runtime Environment (8.0_45-b14) (build 1.8.0_45-b14)
# Java VM: Java HotSpot(TM) 64-Bit Server VM (25.45-b02 mixed mode windows-amd64 compressed oops)
Heap:
 PSYoungGen      total 88064K, used 60030K [0x00000000d5980000, 0x00000000dbc00000, 0x0000000100000000)
  eden space 76800K, 65% used [0x00000000d5980000,0x00000000d8ad7998,0x00000000da480000)
  from space 11264K, 84% used [0x00000000db000000,0x00000000db947fa0,0x00000000dbb00000)
  to   space 11776K, 0% used [0x00000000da480000,0x00000000da480000,0x00000000db000000)
 ParOldGen       total 74752K, used 14746K [0x0000000080c00000, 0x0000000085500000, 0x00000000d5980000)
  object space 74752K, 19% used [0x0000000080c00000,0x0000000081a66998,0x0000000085500000)
 Metaspace       used 31604K, capacity 32882K, committed 33152K, reserved 1077248K
  class space    used 4132K, capacity 4412K, committed 4480K, reserved 1048576K
GC Heap History (10 events):
Event: 42.461 GC heap before
{Heap before GC invocations=11 (full 1):
 PSYoungGen      total 65536K, used 60931K [0x00000000d5980000, 0x00000000dad00000, 0x0000000100000000)
  eden space 52736K, 97% used [0x00000000d5980000,0x00000000d8be0a40,0x00000000d8d00000)
  from space 12800K, 73% used [0x00000000d8d00000,0x00000000d96201e0,0x00000000d9980000)
  to   space 12800K, 0% used [0x00000000da080000,0x00000000da080000,0x00000000dad00000)
 ParOldGen       total 74752K, used 14722K [0x0000000080c00000, 0x0000000085500000, 0x00000000d5980000)
  object space 74752K, 19% used [0x0000000080c00000,0x0000000081a60998,0x0000000085500000)
 Metaspace       used 31455K, capacity 32686K, committed 32896K, reserved 1077248K
  class space    used 4131K, capacity 4412K, committed 4480K, reserved 1048576K
Event: 42.470 GC heap after
Heap after GC invocations=11 (full 1):
 PSYoungGen      total 72704K, used 8208K [0x00000000d5980000, 0x00000000dac80000, 0x0000000100000000)
  eden space 60416K, 0% used [0x00000000d5980000,0x00000000d5980000,0x00000000d9480000)
  from space 12288K, 66% used [0x00000000da080000,0x00000000da8841d0,0x00000000dac80000)
  to   space 12288K, 0% used [0x00000000d9480000,0x00000000d9480000,0x00000000da080000)
 ParOldGen       total 74752K, used 14730K [0x0000000080c00000, 0x0000000085500000, 0x00000000d5980000)
  object space 74752K, 19% used [0x0000000080c00000,0x0000000081a62998,0x0000000085500000)
 Metaspace       used 31455K, capacity 32686K, committed 32896K, reserved 1077248K
  class space    used 4131K, capacity 4412K, committed 4480K, reserved 1048576K
}
Event: 43.270 GC heap before
{Heap before GC invocations=12 (full 1):
 PSYoungGen      total 72704K, used 67624K [0x00000000d5980000, 0x00000000dac80000, 0x0000000100000000)
  eden space 60416K, 98% used [0x00000000d5980000,0x00000000d9385fc0,0x00000000d9480000)
  from space 12288K, 66% used [0x00000000da080000,0x00000000da8841d0,0x00000000dac80000)
  to   space 12288K, 0% used [0x00000000d9480000,0x00000000d9480000,0x00000000da080000)
 ParOldGen       total 74752K, used 14730K [0x0000000080c00000, 0x0000000085500000, 0x00000000d5980000)
  object space 74752K, 19% used [0x0000000080c00000,0x0000000081a62998,0x0000000085500000)
 Metaspace       used 31465K, capacity 32686K, committed 32896K, reserved 1077248K
  class space    used 4131K, capacity 4412K, committed 4480K, reserved 1048576K
Event: 43.277 GC heap after
Heap after GC invocations=12 (full 1):
 PSYoungGen      total 72704K, used 8160K [0x00000000d5980000, 0x00000000db380000, 0x0000000100000000)
  eden space 60416K, 0% used [0x00000000d5980000,0x00000000d5980000,0x00000000d9480000)
  from space 12288K, 66% used [0x00000000d9480000,0x00000000d9c781c0,0x00000000da080000)
  to   space 11776K, 0% used [0x00000000da800000,0x00000000da800000,0x00000000db380000)
 ParOldGen       total 74752K, used 14738K [0x0000000080c00000, 0x0000000085500000, 0x00000000d5980000)
  object space 74752K, 19% used [0x0000000080c00000,0x0000000081a64998,0x0000000085500000)
 Metaspace       used 31465K, capacity 32686K, committed 32896K, reserved 1077248K
  class space    used 4131K, capacity 4412K, committed 4480K, reserved 1048576K
}
Event: 44.074 GC heap before
{Heap before GC invocations=13 (full 1):
 PSYoungGen      total 72704K, used 67564K [0x00000000d5980000, 0x00000000db380000, 0x0000000100000000)
  eden space 60416K, 98% used [0x00000000d5980000,0x00000000d9383230,0x00000000d9480000)
  from space 12288K, 66% used [0x00000000d9480000,0x00000000d9c781c0,0x00000000da080000)
  to   space 11776K, 0% used [0x00000000da800000,0x00000000da800000,0x00000000db380000)
 ParOldGen       total 74752K, used 14738K [0x0000000080c00000, 0x0000000085500000, 0x00000000d5980000)
  object space 74752K, 19% used [0x0000000080c00000,0x0000000081a64998,0x0000000085500000)
 Metaspace       used 31499K, capacity 32750K, committed 33152K, reserved 1077248K
  class space    used 4131K, capacity 4412K, committed 4480K, reserved 1048576K
Event: 44.080 GC heap after
Heap after GC invocations=13 (full 1):
 PSYoungGen      total 80384K, used 8175K [0x00000000d5980000, 0x00000000db380000, 0x0000000100000000)
  eden space 68608K, 0% used [0x00000000d5980000,0x00000000d5980000,0x00000000d9c80000)
  from space 11776K, 69% used [0x00000000da800000,0x00000000daffbd70,0x00000000db380000)
  to   space 11776K, 0% used [0x00000000d9c80000,0x00000000d9c80000,0x00000000da800000)
 ParOldGen       total 74752K, used 14746K [0x0000000080c00000, 0x0000000085500000, 0x00000000d5980000)
  object space 74752K, 19% used [0x0000000080c00000,0x0000000081a66998,0x0000000085500000)
 Metaspace       used 31499K, capacity 32750K, committed 33152K, reserved 1077248K
  class space    used 4131K, capacity 4412K, committed 4480K, reserved 1048576K
}
Event: 45.018 GC heap before
{Heap before GC invocations=14 (full 1):
 PSYoungGen      total 80384K, used 76708K [0x00000000d5980000, 0x00000000db380000, 0x0000000100000000)
  eden space 68608K, 99% used [0x00000000d5980000,0x00000000d9c6d378,0x00000000d9c80000)
  from space 11776K, 69% used [0x00000000da800000,0x00000000daffbd70,0x00000000db380000)
  to   space 11776K, 0% used [0x00000000d9c80000,0x00000000d9c80000,0x00000000da800000)
 ParOldGen       total 74752K, used 14746K [0x0000000080c00000, 0x0000000085500000, 0x00000000d5980000)
  object space 74752K, 19% used [0x0000000080c00000,0x0000000081a66998,0x0000000085500000)
 Metaspace       used 31565K, capacity 32878K, committed 33152K, reserved 1077248K
  class space    used 4131K, capacity 4412K, committed 4480K, reserved 1048576K
Event: 45.024 GC heap after
Heap after GC invocations=14 (full 1):
 PSYoungGen      total 80384K, used 8255K [0x00000000d5980000, 0x00000000dbb00000, 0x0000000100000000)
  eden space 68608K, 0% used [0x00000000d5980000,0x00000000d5980000,0x00000000d9c80000)
  from space 11776K, 70% used [0x00000000d9c80000,0x00000000da48ffa0,0x00000000da800000)
  to   space 11264K, 0% used [0x00000000db000000,0x00000000db000000,0x00000000dbb00000)
 ParOldGen       total 74752K, used 14746K [0x0000000080c00000, 0x0000000085500000, 0x00000000d5980000)
  object space 74752K, 19% used [0x0000000080c00000,0x0000000081a66998,0x0000000085500000)
 Metaspace       used 31565K, capacity 32878K, committed 33152K, reserved 1077248K
  class space    used 4131K, capacity 4412K, committed 4480K, reserved 1048576K
}
Event: 45.930 GC heap before
{Heap before GC invocations=15 (full 1):
 PSYoungGen      total 80384K, used 75973K [0x00000000d5980000, 0x00000000dbb00000, 0x0000000100000000)
  eden space 68608K, 98% used [0x00000000d5980000,0x00000000d9ba1598,0x00000000d9c80000)
  from space 11776K, 70% used [0x00000000d9c80000,0x00000000da48ffa0,0x00000000da800000)
  to   space 11264K, 0% used [0x00000000db000000,0x00000000db000000,0x00000000dbb00000)
 ParOldGen       total 74752K, used 14746K [0x0000000080c00000, 0x0000000085500000, 0x00000000d5980000)
  object space 74752K, 19% used [0x0000000080c00000,0x0000000081a66998,0x0000000085500000)
 Metaspace       used 31583K, capacity 32882K, committed 33152K, reserved 1077248K
  class space    used 4131K, capacity 4412K, committed 4480K, reserved 1048576K
Event: 45.937 GC heap after
Heap after GC invocations=15 (full 1):
 PSYoungGen      total 88064K, used 9503K [0x00000000d5980000, 0x00000000dbc00000, 0x0000000100000000)
  eden space 76800K, 0% used [0x00000000d5980000,0x00000000d5980000,0x00000000da480000)
  from space 11264K, 84% used [0x00000000db000000,0x00000000db947fa0,0x00000000dbb00000)
  to   space 11776K, 0% used [0x00000000da480000,0x00000000da480000,0x00000000db000000)
 ParOldGen       total 74752K, used 14746K [0x0000000080c00000, 0x0000000085500000, 0x00000000d5980000)
  object space 74752K, 19% used [0x0000000080c00000,0x0000000081a66998,0x0000000085500000)
 Metaspace       used 31583K, capacity 32882K, committed 33152K, reserved 1077248K
  class space    used 4131K, capacity 4412K, committed 4480K, reserved 1048576K
}

