# JRE version: Java(TM) SE Runtime Environment (8.0_45-b14) (build 1.8.0_45-b14)
# Java VM: Java HotSpot(TM) 64-Bit Server VM (25.45-b02 mixed mode windows-amd64 compressed oops)
Heap:
 PSYoungGen      total 69632K, used 34383K [0x00000000d5980000, 0x00000000dac00000, 0x0000000100000000)
  eden space 56320K, 47% used [0x00000000d5980000,0x00000000d7372c18,0x00000000d9080000)
  from space 13312K, 58% used [0x00000000d9d00000,0x00000000da4a1050,0x00000000daa00000)
  to   space 12800K, 0% used [0x00000000d9080000,0x00000000d9080000,0x00000000d9d00000)
 ParOldGen       total 73728K, used 17219K [0x0000000080c00000, 0x0000000085400000, 0x00000000d5980000)
  object space 73728K, 23% used [0x0000000080c00000,0x0000000081cd0fd0,0x0000000085400000)
 Metaspace       used 30410K, capacity 31568K, committed 31744K, reserved 1077248K
  class space    used 4016K, capacity 4257K, committed 4352K, reserved 1048576K
GC Heap History (10 events):
Event: 15.667 GC heap before
{Heap before GC invocations=5 (full 1):
 PSYoungGen      total 38400K, used 38126K [0x00000000d5980000, 0x00000000d8980000, 0x0000000100000000)
  eden space 33280K, 100% used [0x00000000d5980000,0x00000000d7a00000,0x00000000d7a00000)
  from space 5120K, 94% used [0x00000000d7a00000,0x00000000d7ebb9b0,0x00000000d7f00000)
  to   space 5120K, 0% used [0x00000000d8480000,0x00000000d8480000,0x00000000d8980000)
 ParOldGen       total 73728K, used 8909K [0x0000000080c00000, 0x0000000085400000, 0x00000000d5980000)
  object space 73728K, 12% used [0x0000000080c00000,0x00000000814b3528,0x0000000085400000)
 Metaspace       used 24394K, capacity 25504K, committed 25728K, reserved 1071104K
  class space    used 3389K, capacity 3633K, committed 3712K, reserved 1048576K
Event: 15.671 GC heap after
Heap after GC invocations=5 (full 1):
 PSYoungGen      total 43008K, used 4576K [0x00000000d5980000, 0x00000000d8900000, 0x0000000100000000)
  eden space 38400K, 0% used [0x00000000d5980000,0x00000000d5980000,0x00000000d7f00000)
  from space 4608K, 99% used [0x00000000d8480000,0x00000000d88f8010,0x00000000d8900000)
  to   space 5120K, 0% used [0x00000000d7f00000,0x00000000d7f00000,0x00000000d8400000)
 ParOldGen       total 73728K, used 8917K [0x0000000080c00000, 0x0000000085400000, 0x00000000d5980000)
  object space 73728K, 12% used [0x0000000080c00000,0x00000000814b5528,0x0000000085400000)
 Metaspace       used 24394K, capacity 25504K, committed 25728K, reserved 1071104K
  class space    used 3389K, capacity 3633K, committed 3712K, reserved 1048576K
}
Event: 18.588 GC heap before
{Heap before GC invocations=6 (full 1):
 PSYoungGen      total 43008K, used 41989K [0x00000000d5980000, 0x00000000d8900000, 0x0000000100000000)
  eden space 38400K, 97% used [0x00000000d5980000,0x00000000d7e09408,0x00000000d7f00000)
  from space 4608K, 99% used [0x00000000d8480000,0x00000000d88f8010,0x00000000d8900000)
  to   space 5120K, 0% used [0x00000000d7f00000,0x00000000d7f00000,0x00000000d8400000)
 ParOldGen       total 73728K, used 8917K [0x0000000080c00000, 0x0000000085400000, 0x00000000d5980000)
  object space 73728K, 12% used [0x0000000080c00000,0x00000000814b5528,0x0000000085400000)
 Metaspace       used 30158K, capacity 31340K, committed 31744K, reserved 1077248K
  class space    used 3997K, capacity 4251K, committed 4352K, reserved 1048576K
Event: 18.597 GC heap after
Heap after GC invocations=6 (full 1):
 PSYoungGen      total 43520K, used 5092K [0x00000000d5980000, 0x00000000d9f80000, 0x0000000100000000)
  eden space 38400K, 0% used [0x00000000d5980000,0x00000000d5980000,0x00000000d7f00000)
  from space 5120K, 99% used [0x00000000d7f00000,0x00000000d83f9030,0x00000000d8400000)
  to   space 13824K, 0% used [0x00000000d9200000,0x00000000d9200000,0x00000000d9f80000)
 ParOldGen       total 73728K, used 17219K [0x0000000080c00000, 0x0000000085400000, 0x00000000d5980000)
  object space 73728K, 23% used [0x0000000080c00000,0x0000000081cd0fd0,0x0000000085400000)
 Metaspace       used 30158K, capacity 31340K, committed 31744K, reserved 1077248K
  class space    used 3997K, capacity 4251K, committed 4352K, reserved 1048576K
}
Event: 19.059 GC heap before
{Heap before GC invocations=7 (full 1):
 PSYoungGen      total 43520K, used 43407K [0x00000000d5980000, 0x00000000d9f80000, 0x0000000100000000)
  eden space 38400K, 99% used [0x00000000d5980000,0x00000000d7eeac30,0x00000000d7f00000)
  from space 5120K, 99% used [0x00000000d7f00000,0x00000000d83f9030,0x00000000d8400000)
  to   space 13824K, 0% used [0x00000000d9200000,0x00000000d9200000,0x00000000d9f80000)
 ParOldGen       total 73728K, used 17219K [0x0000000080c00000, 0x0000000085400000, 0x00000000d5980000)
  object space 73728K, 23% used [0x0000000080c00000,0x0000000081cd0fd0,0x0000000085400000)
 Metaspace       used 30284K, capacity 31438K, committed 31744K, reserved 1077248K
  class space    used 4013K, capacity 4256K, committed 4352K, reserved 1048576K
Event: 19.065 GC heap after
Heap after GC invocations=7 (full 1):
 PSYoungGen      total 57856K, used 9012K [0x00000000d5980000, 0x00000000da300000, 0x0000000100000000)
  eden space 44032K, 0% used [0x00000000d5980000,0x00000000d5980000,0x00000000d8480000)
  from space 13824K, 65% used [0x00000000d9200000,0x00000000d9acd060,0x00000000d9f80000)
  to   space 13824K, 0% used [0x00000000d8480000,0x00000000d8480000,0x00000000d9200000)
 ParOldGen       total 73728K, used 17219K [0x0000000080c00000, 0x0000000085400000, 0x00000000d5980000)
  object space 73728K, 23% used [0x0000000080c00000,0x0000000081cd0fd0,0x0000000085400000)
 Metaspace       used 30284K, capacity 31438K, committed 31744K, reserved 1077248K
  class space    used 4013K, capacity 4256K, committed 4352K, reserved 1048576K
}
Event: 19.664 GC heap before
{Heap before GC invocations=8 (full 1):
 PSYoungGen      total 57856K, used 52628K [0x00000000d5980000, 0x00000000da300000, 0x0000000100000000)
  eden space 44032K, 99% used [0x00000000d5980000,0x00000000d8418240,0x00000000d8480000)
  from space 13824K, 65% used [0x00000000d9200000,0x00000000d9acd060,0x00000000d9f80000)
  to   space 13824K, 0% used [0x00000000d8480000,0x00000000d8480000,0x00000000d9200000)
 ParOldGen       total 73728K, used 17219K [0x0000000080c00000, 0x0000000085400000, 0x00000000d5980000)
  object space 73728K, 23% used [0x0000000080c00000,0x0000000081cd0fd0,0x0000000085400000)
 Metaspace       used 30335K, capacity 31504K, committed 31744K, reserved 1077248K
  class space    used 4015K, capacity 4257K, committed 4352K, reserved 1048576K
Event: 19.669 GC heap after
Heap after GC invocations=8 (full 1):
 PSYoungGen      total 57856K, used 7780K [0x00000000d5980000, 0x00000000daa00000, 0x0000000100000000)
  eden space 44032K, 0% used [0x00000000d5980000,0x00000000d5980000,0x00000000d8480000)
  from space 13824K, 56% used [0x00000000d8480000,0x00000000d8c19050,0x00000000d9200000)
  to   space 13312K, 0% used [0x00000000d9d00000,0x00000000d9d00000,0x00000000daa00000)
 ParOldGen       total 73728K, used 17219K [0x0000000080c00000, 0x0000000085400000, 0x00000000d5980000)
  object space 73728K, 23% used [0x0000000080c00000,0x0000000081cd0fd0,0x0000000085400000)
 Metaspace       used 30335K, capacity 31504K, committed 31744K, reserved 1077248K
  class space    used 4015K, capacity 4257K, committed 4352K, reserved 1048576K
}
Event: 20.239 GC heap before
{Heap before GC invocations=9 (full 1):
 PSYoungGen      total 57856K, used 50841K [0x00000000d5980000, 0x00000000daa00000, 0x0000000100000000)
  eden space 44032K, 97% used [0x00000000d5980000,0x00000000d838d660,0x00000000d8480000)
  from space 13824K, 56% used [0x00000000d8480000,0x00000000d8c19050,0x00000000d9200000)
  to   space 13312K, 0% used [0x00000000d9d00000,0x00000000d9d00000,0x00000000daa00000)
 ParOldGen       total 73728K, used 17219K [0x0000000080c00000, 0x0000000085400000, 0x00000000d5980000)
  object space 73728K, 23% used [0x0000000080c00000,0x0000000081cd0fd0,0x0000000085400000)
 Metaspace       used 30363K, capacity 31504K, committed 31744K, reserved 1077248K
  class space    used 4015K, capacity 4257K, committed 4352K, reserved 1048576K
Event: 20.248 GC heap after
Heap after GC invocations=9 (full 1):
 PSYoungGen      total 69632K, used 7812K [0x00000000d5980000, 0x00000000dac00000, 0x0000000100000000)
  eden space 56320K, 0% used [0x00000000d5980000,0x00000000d5980000,0x00000000d9080000)
  from space 13312K, 58% used [0x00000000d9d00000,0x00000000da4a1050,0x00000000daa00000)
  to   space 12800K, 0% used [0x00000000d9080000,0x00000000d9080000,0x00000000d9d00000)
 ParOldGen       total 73728K, used 17219K [0x0000000080c00000, 0x0000000085400000, 0x00000000d5980000)
  object space 73728K, 23% used [0x0000000080c00000,0x0000000081cd0fd0,0x0000000085400000)
 Metaspace       used 30363K, capacity 31504K, committed 31744K, reserved 1077248K
  class space    used 4015K, capacity 4257K, committed 4352K, reserved 1048576K
}

