# JRE version: Java(TM) SE Runtime Environment (8.0_45-b14) (build 1.8.0_45-b14)
# Java VM: Java HotSpot(TM) 64-Bit Server VM (25.45-b02 mixed mode windows-amd64 compressed oops)
Heap:
 PSYoungGen      total 43520K, used 35785K [0x00000000d5980000, 0x00000000d8a00000, 0x0000000100000000)
  eden space 38400K, 80% used [0x00000000d5980000,0x00000000d77ca5b0,0x00000000d7f00000)
  from space 5120K, 93% used [0x00000000d8500000,0x00000000d89a8010,0x00000000d8a00000)
  to   space 5120K, 0% used [0x00000000d8000000,0x00000000d8000000,0x00000000d8500000)
 ParOldGen       total 73216K, used 8942K [0x0000000080c00000, 0x0000000085380000, 0x00000000d5980000)
  object space 73216K, 12% used [0x0000000080c00000,0x00000000814bb8a8,0x0000000085380000)
 Metaspace       used 29741K, capacity 30878K, committed 31152K, reserved 1077248K
  class space    used 4006K, capacity 4228K, committed 4272K, reserved 1048576K
GC Heap History (10 events):
Event: 1.294 GC heap before
{Heap before GC invocations=1 (full 0):
 PSYoungGen      total 38400K, used 33280K [0x00000000d5980000, 0x00000000d8400000, 0x0000000100000000)
  eden space 33280K, 100% used [0x00000000d5980000,0x00000000d7a00000,0x00000000d7a00000)
  from space 5120K, 0% used [0x00000000d7f00000,0x00000000d7f00000,0x00000000d8400000)
  to   space 5120K, 0% used [0x00000000d7a00000,0x00000000d7a00000,0x00000000d7f00000)
 ParOldGen       total 87552K, used 0K [0x0000000080c00000, 0x0000000086180000, 0x00000000d5980000)
  object space 87552K, 0% used [0x0000000080c00000,0x0000000080c00000,0x0000000086180000)
 Metaspace       used 13539K, capacity 13946K, committed 14080K, reserved 1060864K
  class space    used 1654K, capacity 1788K, committed 1792K, reserved 1048576K
Event: 1.300 GC heap after
Heap after GC invocations=1 (full 0):
 PSYoungGen      total 38400K, used 4552K [0x00000000d5980000, 0x00000000d8400000, 0x0000000100000000)
  eden space 33280K, 0% used [0x00000000d5980000,0x00000000d5980000,0x00000000d7a00000)
  from space 5120K, 88% used [0x00000000d7a00000,0x00000000d7e72048,0x00000000d7f00000)
  to   space 5120K, 0% used [0x00000000d7f00000,0x00000000d7f00000,0x00000000d8400000)
 ParOldGen       total 87552K, used 80K [0x0000000080c00000, 0x0000000086180000, 0x00000000d5980000)
  object space 87552K, 0% used [0x0000000080c00000,0x0000000080c14010,0x0000000086180000)
 Metaspace       used 13539K, capacity 13946K, committed 14080K, reserved 1060864K
  class space    used 1654K, capacity 1788K, committed 1792K, reserved 1048576K
}
Event: 2.274 GC heap before
{Heap before GC invocations=2 (full 0):
 PSYoungGen      total 38400K, used 30782K [0x00000000d5980000, 0x00000000d8400000, 0x0000000100000000)
  eden space 33280K, 78% used [0x00000000d5980000,0x00000000d731db80,0x00000000d7a00000)
  from space 5120K, 88% used [0x00000000d7a00000,0x00000000d7e72048,0x00000000d7f00000)
  to   space 5120K, 0% used [0x00000000d7f00000,0x00000000d7f00000,0x00000000d8400000)
 ParOldGen       total 87552K, used 80K [0x0000000080c00000, 0x0000000086180000, 0x00000000d5980000)
  object space 87552K, 0% used [0x0000000080c00000,0x0000000080c14010,0x0000000086180000)
 Metaspace       used 20291K, capacity 21178K, committed 21296K, reserved 1067008K
  class space    used 2879K, capacity 3098K, committed 3120K, reserved 1048576K
Event: 2.285 GC heap after
Heap after GC invocations=2 (full 0):
 PSYoungGen      total 38400K, used 5094K [0x00000000d5980000, 0x00000000d8400000, 0x0000000100000000)
  eden space 33280K, 0% used [0x00000000d5980000,0x00000000d5980000,0x00000000d7a00000)
  from space 5120K, 99% used [0x00000000d7f00000,0x00000000d83f9b80,0x00000000d8400000)
  to   space 5120K, 0% used [0x00000000d7a00000,0x00000000d7a00000,0x00000000d7f00000)
 ParOldGen       total 87552K, used 3958K [0x0000000080c00000, 0x0000000086180000, 0x00000000d5980000)
  object space 87552K, 4% used [0x0000000080c00000,0x0000000080fdd860,0x0000000086180000)
 Metaspace       used 20291K, capacity 21178K, committed 21296K, reserved 1067008K
  class space    used 2879K, capacity 3098K, committed 3120K, reserved 1048576K
}
Event: 2.285 GC heap before
{Heap before GC invocations=3 (full 1):
 PSYoungGen      total 38400K, used 5094K [0x00000000d5980000, 0x00000000d8400000, 0x0000000100000000)
  eden space 33280K, 0% used [0x00000000d5980000,0x00000000d5980000,0x00000000d7a00000)
  from space 5120K, 99% used [0x00000000d7f00000,0x00000000d83f9b80,0x00000000d8400000)
  to   space 5120K, 0% used [0x00000000d7a00000,0x00000000d7a00000,0x00000000d7f00000)
 ParOldGen       total 87552K, used 3958K [0x0000000080c00000, 0x0000000086180000, 0x00000000d5980000)
  object space 87552K, 4% used [0x0000000080c00000,0x0000000080fdd860,0x0000000086180000)
 Metaspace       used 20291K, capacity 21178K, committed 21296K, reserved 1067008K
  class space    used 2879K, capacity 3098K, committed 3120K, reserved 1048576K
Event: 2.347 GC heap after
Heap after GC invocations=3 (full 1):
 PSYoungGen      total 38400K, used 0K [0x00000000d5980000, 0x00000000d8400000, 0x0000000100000000)
  eden space 33280K, 0% used [0x00000000d5980000,0x00000000d5980000,0x00000000d7a00000)
  from space 5120K, 0% used [0x00000000d7f00000,0x00000000d7f00000,0x00000000d8400000)
  to   space 5120K, 0% used [0x00000000d7a00000,0x00000000d7a00000,0x00000000d7f00000)
 ParOldGen       total 73216K, used 8934K [0x0000000080c00000, 0x0000000085380000, 0x00000000d5980000)
  object space 73216K, 12% used [0x0000000080c00000,0x00000000814b98a8,0x0000000085380000)
 Metaspace       used 20291K, capacity 21178K, committed 21296K, reserved 1067008K
  class space    used 2879K, capacity 3098K, committed 3120K, reserved 1048576K
}
Event: 4.680 GC heap before
{Heap before GC invocations=4 (full 1):
 PSYoungGen      total 38400K, used 33280K [0x00000000d5980000, 0x00000000d8400000, 0x0000000100000000)
  eden space 33280K, 100% used [0x00000000d5980000,0x00000000d7a00000,0x00000000d7a00000)
  from space 5120K, 0% used [0x00000000d7f00000,0x00000000d7f00000,0x00000000d8400000)
  to   space 5120K, 0% used [0x00000000d7a00000,0x00000000d7a00000,0x00000000d7f00000)
 ParOldGen       total 73216K, used 8934K [0x0000000080c00000, 0x0000000085380000, 0x00000000d5980000)
  object space 73216K, 12% used [0x0000000080c00000,0x00000000814b98a8,0x0000000085380000)
 Metaspace       used 23358K, capacity 24524K, committed 24624K, reserved 1071104K
  class space    used 3342K, capacity 3609K, committed 3632K, reserved 1048576K
Event: 4.684 GC heap after
Heap after GC invocations=4 (full 1):
 PSYoungGen      total 38400K, used 4987K [0x00000000d5980000, 0x00000000d8a00000, 0x0000000100000000)
  eden space 33280K, 0% used [0x00000000d5980000,0x00000000d5980000,0x00000000d7a00000)
  from space 5120K, 97% used [0x00000000d7a00000,0x00000000d7edef30,0x00000000d7f00000)
  to   space 5120K, 0% used [0x00000000d8500000,0x00000000d8500000,0x00000000d8a00000)
 ParOldGen       total 73216K, used 8942K [0x0000000080c00000, 0x0000000085380000, 0x00000000d5980000)
  object space 73216K, 12% used [0x0000000080c00000,0x00000000814bb8a8,0x0000000085380000)
 Metaspace       used 23358K, capacity 24524K, committed 24624K, reserved 1071104K
  class space    used 3342K, capacity 3609K, committed 3632K, reserved 1048576K
}
Event: 7.152 GC heap before
{Heap before GC invocations=5 (full 1):
 PSYoungGen      total 38400K, used 38267K [0x00000000d5980000, 0x00000000d8a00000, 0x0000000100000000)
  eden space 33280K, 100% used [0x00000000d5980000,0x00000000d7a00000,0x00000000d7a00000)
  from space 5120K, 97% used [0x00000000d7a00000,0x00000000d7edef30,0x00000000d7f00000)
  to   space 5120K, 0% used [0x00000000d8500000,0x00000000d8500000,0x00000000d8a00000)
 ParOldGen       total 73216K, used 8942K [0x0000000080c00000, 0x0000000085380000, 0x00000000d5980000)
  object space 73216K, 12% used [0x0000000080c00000,0x00000000814bb8a8,0x0000000085380000)
 Metaspace       used 23791K, capacity 25004K, committed 25264K, reserved 1071104K
  class space    used 3391K, capacity 3641K, committed 3760K, reserved 1048576K
Event: 7.157 GC heap after
Heap after GC invocations=5 (full 1):
 PSYoungGen      total 43520K, used 4768K [0x00000000d5980000, 0x00000000d8a00000, 0x0000000100000000)
  eden space 38400K, 0% used [0x00000000d5980000,0x00000000d5980000,0x00000000d7f00000)
  from space 5120K, 93% used [0x00000000d8500000,0x00000000d89a8010,0x00000000d8a00000)
  to   space 5120K, 0% used [0x00000000d8000000,0x00000000d8000000,0x00000000d8500000)
 ParOldGen       total 73216K, used 8942K [0x0000000080c00000, 0x0000000085380000, 0x00000000d5980000)
  object space 73216K, 12% used [0x0000000080c00000,0x00000000814bb8a8,0x0000000085380000)
 Metaspace       used 23791K, capacity 25004K, committed 25264K, reserved 1071104K
  class space    used 3391K, capacity 3641K, committed 3760K, reserved 1048576K
}

