# JRE version: Java(TM) SE Runtime Environment (8.0_45-b14) (build 1.8.0_45-b14)
# Java VM: Java HotSpot(TM) 64-Bit Server VM (25.45-b02 mixed mode windows-amd64 compressed oops)
Heap:
 PSYoungGen      total 124416K, used 26045K [0x00000000d5980000, 0x00000000dda00000, 0x0000000100000000)
  eden space 117248K, 18% used [0x00000000d5980000,0x00000000d6f27148,0x00000000dcc00000)
  from space 7168K, 54% used [0x00000000dd300000,0x00000000dd6c84a0,0x00000000dda00000)
  to   space 7168K, 0% used [0x00000000dcc00000,0x00000000dcc00000,0x00000000dd300000)
 ParOldGen       total 131584K, used 21505K [0x0000000080c00000, 0x0000000088c80000, 0x00000000d5980000)
  object space 131584K, 16% used [0x0000000080c00000,0x00000000821007e8,0x0000000088c80000)
 Metaspace       used 31996K, capacity 33178K, committed 33280K, reserved 1079296K
  class space    used 4095K, capacity 4334K, committed 4352K, reserved 1048576K
GC Heap History (10 events):
Event: 97.337 GC heap before
{Heap before GC invocations=58 (full 2):
 PSYoungGen      total 119808K, used 114829K [0x00000000d5980000, 0x00000000dd680000, 0x0000000100000000)
  eden space 113152K, 99% used [0x00000000d5980000,0x00000000dc70f028,0x00000000dc800000)
  from space 6656K, 39% used [0x00000000dc800000,0x00000000dca94490,0x00000000dce80000)
  to   space 6656K, 0% used [0x00000000dd000000,0x00000000dd000000,0x00000000dd680000)
 ParOldGen       total 131584K, used 21465K [0x0000000080c00000, 0x0000000088c80000, 0x00000000d5980000)
  object space 131584K, 16% used [0x0000000080c00000,0x00000000820f67e8,0x0000000088c80000)
 Metaspace       used 31917K, capacity 33110K, committed 33280K, reserved 1079296K
  class space    used 4095K, capacity 4334K, committed 4352K, reserved 1048576K
Event: 97.339 GC heap after
Heap after GC invocations=58 (full 2):
 PSYoungGen      total 121344K, used 3856K [0x00000000d5980000, 0x00000000dd680000, 0x0000000100000000)
  eden space 114688K, 0% used [0x00000000d5980000,0x00000000d5980000,0x00000000dc980000)
  from space 6656K, 57% used [0x00000000dd000000,0x00000000dd3c4270,0x00000000dd680000)
  to   space 6656K, 0% used [0x00000000dc980000,0x00000000dc980000,0x00000000dd000000)
 ParOldGen       total 131584K, used 21473K [0x0000000080c00000, 0x0000000088c80000, 0x00000000d5980000)
  object space 131584K, 16% used [0x0000000080c00000,0x00000000820f87e8,0x0000000088c80000)
 Metaspace       used 31917K, capacity 33110K, committed 33280K, reserved 1079296K
  class space    used 4095K, capacity 4334K, committed 4352K, reserved 1048576K
}
Event: 99.513 GC heap before
{Heap before GC invocations=59 (full 2):
 PSYoungGen      total 121344K, used 118544K [0x00000000d5980000, 0x00000000dd680000, 0x0000000100000000)
  eden space 114688K, 100% used [0x00000000d5980000,0x00000000dc980000,0x00000000dc980000)
  from space 6656K, 57% used [0x00000000dd000000,0x00000000dd3c4270,0x00000000dd680000)
  to   space 6656K, 0% used [0x00000000dc980000,0x00000000dc980000,0x00000000dd000000)
 ParOldGen       total 131584K, used 21473K [0x0000000080c00000, 0x0000000088c80000, 0x00000000d5980000)
  object space 131584K, 16% used [0x0000000080c00000,0x00000000820f87e8,0x0000000088c80000)
 Metaspace       used 31920K, capacity 33110K, committed 33280K, reserved 1079296K
  class space    used 4095K, capacity 4334K, committed 4352K, reserved 1048576K
Event: 99.516 GC heap after
Heap after GC invocations=59 (full 2):
 PSYoungGen      total 121344K, used 1746K [0x00000000d5980000, 0x00000000dd800000, 0x0000000100000000)
  eden space 114688K, 0% used [0x00000000d5980000,0x00000000d5980000,0x00000000dc980000)
  from space 6656K, 26% used [0x00000000dc980000,0x00000000dcb34910,0x00000000dd000000)
  to   space 6656K, 0% used [0x00000000dd180000,0x00000000dd180000,0x00000000dd800000)
 ParOldGen       total 131584K, used 21481K [0x0000000080c00000, 0x0000000088c80000, 0x00000000d5980000)
  object space 131584K, 16% used [0x0000000080c00000,0x00000000820fa7e8,0x0000000088c80000)
 Metaspace       used 31920K, capacity 33110K, committed 33280K, reserved 1079296K
  class space    used 4095K, capacity 4334K, committed 4352K, reserved 1048576K
}
Event: 101.581 GC heap before
{Heap before GC invocations=60 (full 2):
 PSYoungGen      total 121344K, used 116255K [0x00000000d5980000, 0x00000000dd800000, 0x0000000100000000)
  eden space 114688K, 99% used [0x00000000d5980000,0x00000000dc953488,0x00000000dc980000)
  from space 6656K, 26% used [0x00000000dc980000,0x00000000dcb34910,0x00000000dd000000)
  to   space 6656K, 0% used [0x00000000dd180000,0x00000000dd180000,0x00000000dd800000)
 ParOldGen       total 131584K, used 21481K [0x0000000080c00000, 0x0000000088c80000, 0x00000000d5980000)
  object space 131584K, 16% used [0x0000000080c00000,0x00000000820fa7e8,0x0000000088c80000)
 Metaspace       used 31922K, capacity 33110K, committed 33280K, reserved 1079296K
  class space    used 4095K, capacity 4334K, committed 4352K, reserved 1048576K
Event: 101.583 GC heap after
Heap after GC invocations=60 (full 2):
 PSYoungGen      total 122368K, used 5347K [0x00000000d5980000, 0x00000000dd900000, 0x0000000100000000)
  eden space 115712K, 0% used [0x00000000d5980000,0x00000000d5980000,0x00000000dca80000)
  from space 6656K, 80% used [0x00000000dd180000,0x00000000dd6b8d80,0x00000000dd800000)
  to   space 7168K, 0% used [0x00000000dca80000,0x00000000dca80000,0x00000000dd180000)
 ParOldGen       total 131584K, used 21489K [0x0000000080c00000, 0x0000000088c80000, 0x00000000d5980000)
  object space 131584K, 16% used [0x0000000080c00000,0x00000000820fc7e8,0x0000000088c80000)
 Metaspace       used 31922K, capacity 33110K, committed 33280K, reserved 1079296K
  class space    used 4095K, capacity 4334K, committed 4352K, reserved 1048576K
}
Event: 103.674 GC heap before
{Heap before GC invocations=61 (full 2):
 PSYoungGen      total 122368K, used 120321K [0x00000000d5980000, 0x00000000dd900000, 0x0000000100000000)
  eden space 115712K, 99% used [0x00000000d5980000,0x00000000dc9c7988,0x00000000dca80000)
  from space 6656K, 80% used [0x00000000dd180000,0x00000000dd6b8d80,0x00000000dd800000)
  to   space 7168K, 0% used [0x00000000dca80000,0x00000000dca80000,0x00000000dd180000)
 ParOldGen       total 131584K, used 21489K [0x0000000080c00000, 0x0000000088c80000, 0x00000000d5980000)
  object space 131584K, 16% used [0x0000000080c00000,0x00000000820fc7e8,0x0000000088c80000)
 Metaspace       used 31936K, capacity 33110K, committed 33280K, reserved 1079296K
  class space    used 4095K, capacity 4334K, committed 4352K, reserved 1048576K
Event: 103.676 GC heap after
Heap after GC invocations=61 (full 2):
 PSYoungGen      total 122880K, used 5105K [0x00000000d5980000, 0x00000000dda00000, 0x0000000100000000)
  eden space 115712K, 0% used [0x00000000d5980000,0x00000000d5980000,0x00000000dca80000)
  from space 7168K, 71% used [0x00000000dca80000,0x00000000dcf7c4b0,0x00000000dd180000)
  to   space 7168K, 0% used [0x00000000dd300000,0x00000000dd300000,0x00000000dda00000)
 ParOldGen       total 131584K, used 21505K [0x0000000080c00000, 0x0000000088c80000, 0x00000000d5980000)
  object space 131584K, 16% used [0x0000000080c00000,0x00000000821007e8,0x0000000088c80000)
 Metaspace       used 31936K, capacity 33110K, committed 33280K, reserved 1079296K
  class space    used 4095K, capacity 4334K, committed 4352K, reserved 1048576K
}
Event: 106.073 GC heap before
{Heap before GC invocations=62 (full 2):
 PSYoungGen      total 122880K, used 120258K [0x00000000d5980000, 0x00000000dda00000, 0x0000000100000000)
  eden space 115712K, 99% used [0x00000000d5980000,0x00000000dc9f44f0,0x00000000dca80000)
  from space 7168K, 71% used [0x00000000dca80000,0x00000000dcf7c4b0,0x00000000dd180000)
  to   space 7168K, 0% used [0x00000000dd300000,0x00000000dd300000,0x00000000dda00000)
 ParOldGen       total 131584K, used 21505K [0x0000000080c00000, 0x0000000088c80000, 0x00000000d5980000)
  object space 131584K, 16% used [0x0000000080c00000,0x00000000821007e8,0x0000000088c80000)
 Metaspace       used 31968K, capacity 33178K, committed 33280K, reserved 1079296K
  class space    used 4095K, capacity 4334K, committed 4352K, reserved 1048576K
Event: 106.075 GC heap after
Heap after GC invocations=62 (full 2):
 PSYoungGen      total 124416K, used 3873K [0x00000000d5980000, 0x00000000dda00000, 0x0000000100000000)
  eden space 117248K, 0% used [0x00000000d5980000,0x00000000d5980000,0x00000000dcc00000)
  from space 7168K, 54% used [0x00000000dd300000,0x00000000dd6c84a0,0x00000000dda00000)
  to   space 7168K, 0% used [0x00000000dcc00000,0x00000000dcc00000,0x00000000dd300000)
 ParOldGen       total 131584K, used 21505K [0x0000000080c00000, 0x0000000088c80000, 0x00000000d5980000)
  object space 131584K, 16% used [0x0000000080c00000,0x00000000821007e8,0x0000000088c80000)
 Metaspace       used 31968K, capacity 33178K, committed 33280K, reserved 1079296K
  class space    used 4095K, capacity 4334K, committed 4352K, reserved 1048576K
}

