# JRE version: Java(TM) SE Runtime Environment (8.0_45-b14) (build 1.8.0_45-b14)
# Java VM: Java HotSpot(TM) 64-Bit Server VM (25.45-b02 mixed mode windows-amd64 compressed oops)
Heap:
 PSYoungGen      total 82432K, used 55401K [0x00000000d5980000, 0x00000000de900000, 0x0000000100000000)
  eden space 79360K, 66% used [0x00000000d5980000,0x00000000d8d12590,0x00000000da700000)
  from space 3072K, 84% used [0x00000000de600000,0x00000000de888020,0x00000000de900000)
  to   space 4608K, 0% used [0x00000000de000000,0x00000000de000000,0x00000000de480000)
 ParOldGen       total 63488K, used 19134K [0x0000000080c00000, 0x0000000084a00000, 0x00000000d5980000)
  object space 63488K, 30% used [0x0000000080c00000,0x0000000081eafa98,0x0000000084a00000)
 Metaspace       used 30865K, capacity 31946K, committed 32128K, reserved 1077248K
  class space    used 3986K, capacity 4200K, committed 4224K, reserved 1048576K
GC Heap History (10 events):
Event: 120.293 GC heap before
{Heap before GC invocations=57 (full 1):
 PSYoungGen      total 93184K, used 92614K [0x00000000d5980000, 0x00000000df380000, 0x0000000100000000)
  eden space 91648K, 99% used [0x00000000d5980000,0x00000000db28db58,0x00000000db300000)
  from space 1536K, 92% used [0x00000000ded00000,0x00000000dee64010,0x00000000dee80000)
  to   space 5120K, 0% used [0x00000000dee80000,0x00000000dee80000,0x00000000df380000)
 ParOldGen       total 63488K, used 19094K [0x0000000080c00000, 0x0000000084a00000, 0x00000000d5980000)
  object space 63488K, 30% used [0x0000000080c00000,0x0000000081ea5a98,0x0000000084a00000)
 Metaspace       used 30826K, capacity 31946K, committed 32128K, reserved 1077248K
  class space    used 3985K, capacity 4200K, committed 4224K, reserved 1048576K
Event: 120.294 GC heap after
Heap after GC invocations=57 (full 1):
 PSYoungGen      total 92160K, used 2592K [0x00000000d5980000, 0x00000000df180000, 0x0000000100000000)
  eden space 89088K, 0% used [0x00000000d5980000,0x00000000d5980000,0x00000000db080000)
  from space 3072K, 84% used [0x00000000dee80000,0x00000000df108020,0x00000000df180000)
  to   space 5120K, 0% used [0x00000000de780000,0x00000000de780000,0x00000000dec80000)
 ParOldGen       total 63488K, used 19094K [0x0000000080c00000, 0x0000000084a00000, 0x00000000d5980000)
  object space 63488K, 30% used [0x0000000080c00000,0x0000000081ea5a98,0x0000000084a00000)
 Metaspace       used 30826K, capacity 31946K, committed 32128K, reserved 1077248K
  class space    used 3985K, capacity 4200K, committed 4224K, reserved 1048576K
}
Event: 121.637 GC heap before
{Heap before GC invocations=58 (full 1):
 PSYoungGen      total 92160K, used 91323K [0x00000000d5980000, 0x00000000df180000, 0x0000000100000000)
  eden space 89088K, 99% used [0x00000000d5980000,0x00000000db026eb8,0x00000000db080000)
  from space 3072K, 84% used [0x00000000dee80000,0x00000000df108020,0x00000000df180000)
  to   space 5120K, 0% used [0x00000000de780000,0x00000000de780000,0x00000000dec80000)
 ParOldGen       total 63488K, used 19094K [0x0000000080c00000, 0x0000000084a00000, 0x00000000d5980000)
  object space 63488K, 30% used [0x0000000080c00000,0x0000000081ea5a98,0x0000000084a00000)
 Metaspace       used 30826K, capacity 31946K, committed 32128K, reserved 1077248K
  class space    used 3985K, capacity 4200K, committed 4224K, reserved 1048576K
Event: 121.639 GC heap after
Heap after GC invocations=58 (full 1):
 PSYoungGen      total 88064K, used 1424K [0x00000000d5980000, 0x00000000def00000, 0x0000000100000000)
  eden space 86528K, 0% used [0x00000000d5980000,0x00000000d5980000,0x00000000dae00000)
  from space 1536K, 92% used [0x00000000de780000,0x00000000de8e4010,0x00000000de900000)
  to   space 5120K, 0% used [0x00000000dea00000,0x00000000dea00000,0x00000000def00000)
 ParOldGen       total 63488K, used 19126K [0x0000000080c00000, 0x0000000084a00000, 0x00000000d5980000)
  object space 63488K, 30% used [0x0000000080c00000,0x0000000081eada98,0x0000000084a00000)
 Metaspace       used 30826K, capacity 31946K, committed 32128K, reserved 1077248K
  class space    used 3985K, capacity 4200K, committed 4224K, reserved 1048576K
}
Event: 122.899 GC heap before
{Heap before GC invocations=59 (full 1):
 PSYoungGen      total 88064K, used 87734K [0x00000000d5980000, 0x00000000def00000, 0x0000000100000000)
  eden space 86528K, 99% used [0x00000000d5980000,0x00000000dadc9840,0x00000000dae00000)
  from space 1536K, 92% used [0x00000000de780000,0x00000000de8e4010,0x00000000de900000)
  to   space 5120K, 0% used [0x00000000dea00000,0x00000000dea00000,0x00000000def00000)
 ParOldGen       total 63488K, used 19126K [0x0000000080c00000, 0x0000000084a00000, 0x00000000d5980000)
  object space 63488K, 30% used [0x0000000080c00000,0x0000000081eada98,0x0000000084a00000)
 Metaspace       used 30837K, capacity 31946K, committed 32128K, reserved 1077248K
  class space    used 3985K, capacity 4200K, committed 4224K, reserved 1048576K
Event: 122.900 GC heap after
Heap after GC invocations=59 (full 1):
 PSYoungGen      total 87040K, used 2592K [0x00000000d5980000, 0x00000000ded00000, 0x0000000100000000)
  eden space 83968K, 0% used [0x00000000d5980000,0x00000000d5980000,0x00000000dab80000)
  from space 3072K, 84% used [0x00000000dea00000,0x00000000dec88020,0x00000000ded00000)
  to   space 4608K, 0% used [0x00000000de400000,0x00000000de400000,0x00000000de880000)
 ParOldGen       total 63488K, used 19134K [0x0000000080c00000, 0x0000000084a00000, 0x00000000d5980000)
  object space 63488K, 30% used [0x0000000080c00000,0x0000000081eafa98,0x0000000084a00000)
 Metaspace       used 30837K, capacity 31946K, committed 32128K, reserved 1077248K
  class space    used 3985K, capacity 4200K, committed 4224K, reserved 1048576K
}
Event: 124.173 GC heap before
{Heap before GC invocations=60 (full 1):
 PSYoungGen      total 87040K, used 86544K [0x00000000d5980000, 0x00000000ded00000, 0x0000000100000000)
  eden space 83968K, 99% used [0x00000000d5980000,0x00000000dab7c368,0x00000000dab80000)
  from space 3072K, 84% used [0x00000000dea00000,0x00000000dec88020,0x00000000ded00000)
  to   space 4608K, 0% used [0x00000000de400000,0x00000000de400000,0x00000000de880000)
 ParOldGen       total 63488K, used 19134K [0x0000000080c00000, 0x0000000084a00000, 0x00000000d5980000)
  object space 63488K, 30% used [0x0000000080c00000,0x0000000081eafa98,0x0000000084a00000)
 Metaspace       used 30838K, capacity 31946K, committed 32128K, reserved 1077248K
  class space    used 3985K, capacity 4200K, committed 4224K, reserved 1048576K
Event: 124.175 GC heap after
Heap after GC invocations=60 (full 1):
 PSYoungGen      total 82944K, used 1392K [0x00000000d5980000, 0x00000000dea80000, 0x0000000100000000)
  eden space 81408K, 0% used [0x00000000d5980000,0x00000000d5980000,0x00000000da900000)
  from space 1536K, 90% used [0x00000000de400000,0x00000000de55c010,0x00000000de580000)
  to   space 4608K, 0% used [0x00000000de600000,0x00000000de600000,0x00000000dea80000)
 ParOldGen       total 63488K, used 19134K [0x0000000080c00000, 0x0000000084a00000, 0x00000000d5980000)
  object space 63488K, 30% used [0x0000000080c00000,0x0000000081eafa98,0x0000000084a00000)
 Metaspace       used 30838K, capacity 31946K, committed 32128K, reserved 1077248K
  class space    used 3985K, capacity 4200K, committed 4224K, reserved 1048576K
}
Event: 125.373 GC heap before
{Heap before GC invocations=61 (full 1):
 PSYoungGen      total 82944K, used 82726K [0x00000000d5980000, 0x00000000dea80000, 0x0000000100000000)
  eden space 81408K, 99% used [0x00000000d5980000,0x00000000da8ed9d0,0x00000000da900000)
  from space 1536K, 90% used [0x00000000de400000,0x00000000de55c010,0x00000000de580000)
  to   space 4608K, 0% used [0x00000000de600000,0x00000000de600000,0x00000000dea80000)
 ParOldGen       total 63488K, used 19134K [0x0000000080c00000, 0x0000000084a00000, 0x00000000d5980000)
  object space 63488K, 30% used [0x0000000080c00000,0x0000000081eafa98,0x0000000084a00000)
 Metaspace       used 30838K, capacity 31946K, committed 32128K, reserved 1077248K
  class space    used 3985K, capacity 4200K, committed 4224K, reserved 1048576K
Event: 125.374 GC heap after
Heap after GC invocations=61 (full 1):
 PSYoungGen      total 82432K, used 2592K [0x00000000d5980000, 0x00000000de900000, 0x0000000100000000)
  eden space 79360K, 0% used [0x00000000d5980000,0x00000000d5980000,0x00000000da700000)
  from space 3072K, 84% used [0x00000000de600000,0x00000000de888020,0x00000000de900000)
  to   space 4608K, 0% used [0x00000000de000000,0x00000000de000000,0x00000000de480000)
 ParOldGen       total 63488K, used 19134K [0x0000000080c00000, 0x0000000084a00000, 0x00000000d5980000)
  object space 63488K, 30% used [0x0000000080c00000,0x0000000081eafa98,0x0000000084a00000)
 Metaspace       used 30838K, capacity 31946K, committed 32128K, reserved 1077248K
  class space    used 3985K, capacity 4200K, committed 4224K, reserved 1048576K
}

