# JRE version: Java(TM) SE Runtime Environment (8.0_45-b14) (build 1.8.0_45-b14)
# Java VM: Java HotSpot(TM) 64-Bit Server VM (25.45-b02 mixed mode windows-amd64 compressed oops)
Heap:
 PSYoungGen      total 143872K, used 110997K [0x00000000d5980000, 0x00000000df800000, 0x0000000100000000)
  eden space 142336K, 77% used [0x00000000d5980000,0x00000000dc489518,0x00000000de480000)
  from space 1536K, 90% used [0x00000000df680000,0x00000000df7dc010,0x00000000df800000)
  to   space 9216K, 0% used [0x00000000de600000,0x00000000de600000,0x00000000def00000)
 ParOldGen       total 68608K, used 24163K [0x0000000080c00000, 0x0000000084f00000, 0x00000000d5980000)
  object space 68608K, 35% used [0x0000000080c00000,0x0000000082398da0,0x0000000084f00000)
 Metaspace       used 31794K, capacity 32960K, committed 33280K, reserved 1079296K
  class space    used 4015K, capacity 4259K, committed 4352K, reserved 1048576K
GC Heap History (10 events):
Event: 61.301 GC heap before
{Heap before GC invocations=37 (full 1):
 PSYoungGen      total 166912K, used 157027K [0x00000000d5980000, 0x00000000e0880000, 0x0000000100000000)
  eden space 156672K, 99% used [0x00000000d5980000,0x00000000df168c40,0x00000000df280000)
  from space 10240K, 14% used [0x00000000df280000,0x00000000df3f0020,0x00000000dfc80000)
  to   space 10240K, 0% used [0x00000000dfe80000,0x00000000dfe80000,0x00000000e0880000)
 ParOldGen       total 68608K, used 23930K [0x0000000080c00000, 0x0000000084f00000, 0x00000000d5980000)
  object space 68608K, 34% used [0x0000000080c00000,0x000000008235e930,0x0000000084f00000)
 Metaspace       used 31768K, capacity 32896K, committed 33024K, reserved 1077248K
  class space    used 4015K, capacity 4259K, committed 4352K, reserved 1048576K
Event: 61.304 GC heap after
Heap after GC invocations=37 (full 1):
 PSYoungGen      total 166912K, used 1504K [0x00000000d5980000, 0x00000000e0700000, 0x0000000100000000)
  eden space 158208K, 0% used [0x00000000d5980000,0x00000000d5980000,0x00000000df400000)
  from space 8704K, 17% used [0x00000000dfe80000,0x00000000dfff8020,0x00000000e0700000)
  to   space 9728K, 0% used [0x00000000df400000,0x00000000df400000,0x00000000dfd80000)
 ParOldGen       total 68608K, used 23954K [0x0000000080c00000, 0x0000000084f00000, 0x00000000d5980000)
  object space 68608K, 34% used [0x0000000080c00000,0x0000000082364930,0x0000000084f00000)
 Metaspace       used 31768K, capacity 32896K, committed 33024K, reserved 1077248K
  class space    used 4015K, capacity 4259K, committed 4352K, reserved 1048576K
}
Event: 63.565 GC heap before
{Heap before GC invocations=38 (full 1):
 PSYoungGen      total 166912K, used 159473K [0x00000000d5980000, 0x00000000e0700000, 0x0000000100000000)
  eden space 158208K, 99% used [0x00000000d5980000,0x00000000df3c46a0,0x00000000df400000)
  from space 8704K, 17% used [0x00000000dfe80000,0x00000000dfff8020,0x00000000e0700000)
  to   space 9728K, 0% used [0x00000000df400000,0x00000000df400000,0x00000000dfd80000)
 ParOldGen       total 68608K, used 23954K [0x0000000080c00000, 0x0000000084f00000, 0x00000000d5980000)
  object space 68608K, 34% used [0x0000000080c00000,0x0000000082364930,0x0000000084f00000)
 Metaspace       used 31772K, capacity 32896K, committed 33024K, reserved 1077248K
  class space    used 4015K, capacity 4259K, committed 4352K, reserved 1048576K
Event: 63.567 GC heap after
Heap after GC invocations=38 (full 1):
 PSYoungGen      total 167936K, used 1392K [0x00000000d5980000, 0x00000000e0900000, 0x0000000100000000)
  eden space 158208K, 0% used [0x00000000d5980000,0x00000000d5980000,0x00000000df400000)
  from space 9728K, 14% used [0x00000000df400000,0x00000000df55c010,0x00000000dfd80000)
  to   space 9728K, 0% used [0x00000000dff80000,0x00000000dff80000,0x00000000e0900000)
 ParOldGen       total 68608K, used 24083K [0x0000000080c00000, 0x0000000084f00000, 0x00000000d5980000)
  object space 68608K, 35% used [0x0000000080c00000,0x0000000082384da0,0x0000000084f00000)
 Metaspace       used 31772K, capacity 32896K, committed 33024K, reserved 1077248K
  class space    used 4015K, capacity 4259K, committed 4352K, reserved 1048576K
}
Event: 66.015 GC heap before
{Heap before GC invocations=39 (full 1):
 PSYoungGen      total 167936K, used 159180K [0x00000000d5980000, 0x00000000e0900000, 0x0000000100000000)
  eden space 158208K, 99% used [0x00000000d5980000,0x00000000df397100,0x00000000df400000)
  from space 9728K, 14% used [0x00000000df400000,0x00000000df55c010,0x00000000dfd80000)
  to   space 9728K, 0% used [0x00000000dff80000,0x00000000dff80000,0x00000000e0900000)
 ParOldGen       total 68608K, used 24083K [0x0000000080c00000, 0x0000000084f00000, 0x00000000d5980000)
  object space 68608K, 35% used [0x0000000080c00000,0x0000000082384da0,0x0000000084f00000)
 Metaspace       used 31772K, capacity 32896K, committed 33024K, reserved 1077248K
  class space    used 4015K, capacity 4259K, committed 4352K, reserved 1048576K
Event: 66.017 GC heap after
Heap after GC invocations=39 (full 1):
 PSYoungGen      total 154112K, used 1392K [0x00000000d5980000, 0x00000000e0100000, 0x0000000100000000)
  eden space 152576K, 0% used [0x00000000d5980000,0x00000000d5980000,0x00000000dee80000)
  from space 1536K, 90% used [0x00000000dff80000,0x00000000e00dc010,0x00000000e0100000)
  to   space 9216K, 0% used [0x00000000def00000,0x00000000def00000,0x00000000df800000)
 ParOldGen       total 68608K, used 24139K [0x0000000080c00000, 0x0000000084f00000, 0x00000000d5980000)
  object space 68608K, 35% used [0x0000000080c00000,0x0000000082392da0,0x0000000084f00000)
 Metaspace       used 31772K, capacity 32896K, committed 33024K, reserved 1077248K
  class space    used 4015K, capacity 4259K, committed 4352K, reserved 1048576K
}
Event: 68.498 GC heap before
{Heap before GC invocations=40 (full 1):
 PSYoungGen      total 154112K, used 153144K [0x00000000d5980000, 0x00000000e0100000, 0x0000000100000000)
  eden space 152576K, 99% used [0x00000000d5980000,0x00000000dedb21c0,0x00000000dee80000)
  from space 1536K, 90% used [0x00000000dff80000,0x00000000e00dc010,0x00000000e0100000)
  to   space 9216K, 0% used [0x00000000def00000,0x00000000def00000,0x00000000df800000)
 ParOldGen       total 68608K, used 24139K [0x0000000080c00000, 0x0000000084f00000, 0x00000000d5980000)
  object space 68608K, 35% used [0x0000000080c00000,0x0000000082392da0,0x0000000084f00000)
 Metaspace       used 31772K, capacity 32896K, committed 33024K, reserved 1077248K
  class space    used 4015K, capacity 4259K, committed 4352K, reserved 1048576K
Event: 68.500 GC heap after
Heap after GC invocations=40 (full 1):
 PSYoungGen      total 152576K, used 4992K [0x00000000d5980000, 0x00000000e0000000, 0x0000000100000000)
  eden space 147456K, 0% used [0x00000000d5980000,0x00000000d5980000,0x00000000de980000)
  from space 5120K, 97% used [0x00000000def00000,0x00000000df3e0040,0x00000000df400000)
  to   space 9728K, 0% used [0x00000000df680000,0x00000000df680000,0x00000000e0000000)
 ParOldGen       total 68608K, used 24147K [0x0000000080c00000, 0x0000000084f00000, 0x00000000d5980000)
  object space 68608K, 35% used [0x0000000080c00000,0x0000000082394da0,0x0000000084f00000)
 Metaspace       used 31772K, capacity 32896K, committed 33024K, reserved 1077248K
  class space    used 4015K, capacity 4259K, committed 4352K, reserved 1048576K
}
Event: 71.022 GC heap before
{Heap before GC invocations=41 (full 1):
 PSYoungGen      total 152576K, used 151678K [0x00000000d5980000, 0x00000000e0000000, 0x0000000100000000)
  eden space 147456K, 99% used [0x00000000d5980000,0x00000000de8bf850,0x00000000de980000)
  from space 5120K, 97% used [0x00000000def00000,0x00000000df3e0040,0x00000000df400000)
  to   space 9728K, 0% used [0x00000000df680000,0x00000000df680000,0x00000000e0000000)
 ParOldGen       total 68608K, used 24147K [0x0000000080c00000, 0x0000000084f00000, 0x00000000d5980000)
  object space 68608K, 35% used [0x0000000080c00000,0x0000000082394da0,0x0000000084f00000)
 Metaspace       used 31772K, capacity 32896K, committed 33024K, reserved 1077248K
  class space    used 4015K, capacity 4259K, committed 4352K, reserved 1048576K
Event: 71.024 GC heap after
Heap after GC invocations=41 (full 1):
 PSYoungGen      total 143872K, used 1392K [0x00000000d5980000, 0x00000000df800000, 0x0000000100000000)
  eden space 142336K, 0% used [0x00000000d5980000,0x00000000d5980000,0x00000000de480000)
  from space 1536K, 90% used [0x00000000df680000,0x00000000df7dc010,0x00000000df800000)
  to   space 9216K, 0% used [0x00000000de600000,0x00000000de600000,0x00000000def00000)
 ParOldGen       total 68608K, used 24163K [0x0000000080c00000, 0x0000000084f00000, 0x00000000d5980000)
  object space 68608K, 35% used [0x0000000080c00000,0x0000000082398da0,0x0000000084f00000)
 Metaspace       used 31772K, capacity 32896K, committed 33024K, reserved 1077248K
  class space    used 4015K, capacity 4259K, committed 4352K, reserved 1048576K
}

