# JRE version: Java(TM) SE Runtime Environment (8.0_45-b14) (build 1.8.0_45-b14)
# Java VM: Java HotSpot(TM) 64-Bit Server VM (25.45-b02 mixed mode windows-amd64 compressed oops)
Heap:
 PSYoungGen      total 60416K, used 20163K [0x00000000d5980000, 0x00000000db180000, 0x0000000100000000)
  eden space 55296K, 27% used [0x00000000d5980000,0x00000000d6831010,0x00000000d8f80000)
  from space 5120K, 99% used [0x00000000d9980000,0x00000000d9e7fd10,0x00000000d9e80000)
  to   space 17408K, 0% used [0x00000000da080000,0x00000000da080000,0x00000000db180000)
 ParOldGen       total 111616K, used 43041K [0x0000000080c00000, 0x0000000087900000, 0x00000000d5980000)
  object space 111616K, 38% used [0x0000000080c00000,0x00000000836085c8,0x0000000087900000)
 Metaspace       used 29287K, capacity 30414K, committed 30592K, reserved 1075200K
  class space    used 3905K, capacity 4146K, committed 4224K, reserved 1048576K
GC Heap History (10 events):
Event: 2.272 GC heap before
{Heap before GC invocations=2 (full 0):
 PSYoungGen      total 38400K, used 37555K [0x00000000d5980000, 0x00000000d8400000, 0x0000000100000000)
  eden space 33280K, 100% used [0x00000000d5980000,0x00000000d7a00000,0x00000000d7a00000)
  from space 5120K, 83% used [0x00000000d7a00000,0x00000000d7e2cdc8,0x00000000d7f00000)
  to   space 5120K, 0% used [0x00000000d7f00000,0x00000000d7f00000,0x00000000d8400000)
 ParOldGen       total 87552K, used 19266K [0x0000000080c00000, 0x0000000086180000, 0x00000000d5980000)
  object space 87552K, 22% used [0x0000000080c00000,0x0000000081ed0810,0x0000000086180000)
 Metaspace       used 18291K, capacity 18936K, committed 19072K, reserved 1064960K
  class space    used 2487K, capacity 2669K, committed 2688K, reserved 1048576K
Event: 2.280 GC heap after
Heap after GC invocations=2 (full 0):
 PSYoungGen      total 38400K, used 5101K [0x00000000d5980000, 0x00000000d8400000, 0x0000000100000000)
  eden space 33280K, 0% used [0x00000000d5980000,0x00000000d5980000,0x00000000d7a00000)
  from space 5120K, 99% used [0x00000000d7f00000,0x00000000d83fb468,0x00000000d8400000)
  to   space 5120K, 0% used [0x00000000d7a00000,0x00000000d7a00000,0x00000000d7f00000)
 ParOldGen       total 87552K, used 20266K [0x0000000080c00000, 0x0000000086180000, 0x00000000d5980000)
  object space 87552K, 23% used [0x0000000080c00000,0x0000000081fca820,0x0000000086180000)
 Metaspace       used 18291K, capacity 18936K, committed 19072K, reserved 1064960K
  class space    used 2487K, capacity 2669K, committed 2688K, reserved 1048576K
}
Event: 2.711 GC heap before
{Heap before GC invocations=3 (full 0):
 PSYoungGen      total 38400K, used 25385K [0x00000000d5980000, 0x00000000d8400000, 0x0000000100000000)
  eden space 33280K, 60% used [0x00000000d5980000,0x00000000d6d4f338,0x00000000d7a00000)
  from space 5120K, 99% used [0x00000000d7f00000,0x00000000d83fb468,0x00000000d8400000)
  to   space 5120K, 0% used [0x00000000d7a00000,0x00000000d7a00000,0x00000000d7f00000)
 ParOldGen       total 87552K, used 20266K [0x0000000080c00000, 0x0000000086180000, 0x00000000d5980000)
  object space 87552K, 23% used [0x0000000080c00000,0x0000000081fca820,0x0000000086180000)
 Metaspace       used 20311K, capacity 21206K, committed 21296K, reserved 1067008K
  class space    used 2938K, capacity 3154K, committed 3200K, reserved 1048576K
Event: 2.723 GC heap after
Heap after GC invocations=3 (full 0):
 PSYoungGen      total 38400K, used 5102K [0x00000000d5980000, 0x00000000da480000, 0x0000000100000000)
  eden space 33280K, 0% used [0x00000000d5980000,0x00000000d5980000,0x00000000d7a00000)
  from space 5120K, 99% used [0x00000000d7a00000,0x00000000d7efba80,0x00000000d7f00000)
  to   space 5120K, 0% used [0x00000000d9f80000,0x00000000d9f80000,0x00000000da480000)
 ParOldGen       total 87552K, used 33879K [0x0000000080c00000, 0x0000000086180000, 0x00000000d5980000)
  object space 87552K, 38% used [0x0000000080c00000,0x0000000082d15fe0,0x0000000086180000)
 Metaspace       used 20311K, capacity 21206K, committed 21296K, reserved 1067008K
  class space    used 2938K, capacity 3154K, committed 3200K, reserved 1048576K
}
Event: 2.723 GC heap before
{Heap before GC invocations=4 (full 1):
 PSYoungGen      total 38400K, used 5102K [0x00000000d5980000, 0x00000000da480000, 0x0000000100000000)
  eden space 33280K, 0% used [0x00000000d5980000,0x00000000d5980000,0x00000000d7a00000)
  from space 5120K, 99% used [0x00000000d7a00000,0x00000000d7efba80,0x00000000d7f00000)
  to   space 5120K, 0% used [0x00000000d9f80000,0x00000000d9f80000,0x00000000da480000)
 ParOldGen       total 87552K, used 33879K [0x0000000080c00000, 0x0000000086180000, 0x00000000d5980000)
  object space 87552K, 38% used [0x0000000080c00000,0x0000000082d15fe0,0x0000000086180000)
 Metaspace       used 20311K, capacity 21206K, committed 21296K, reserved 1067008K
  class space    used 2938K, capacity 3154K, committed 3200K, reserved 1048576K
Event: 2.782 GC heap after
Heap after GC invocations=4 (full 1):
 PSYoungGen      total 38400K, used 0K [0x00000000d5980000, 0x00000000da480000, 0x0000000100000000)
  eden space 33280K, 0% used [0x00000000d5980000,0x00000000d5980000,0x00000000d7a00000)
  from space 5120K, 0% used [0x00000000d7a00000,0x00000000d7a00000,0x00000000d7f00000)
  to   space 5120K, 0% used [0x00000000d9f80000,0x00000000d9f80000,0x00000000da480000)
 ParOldGen       total 111616K, used 38781K [0x0000000080c00000, 0x0000000087900000, 0x00000000d5980000)
  object space 111616K, 34% used [0x0000000080c00000,0x00000000831df7e8,0x0000000087900000)
 Metaspace       used 20311K, capacity 21206K, committed 21296K, reserved 1067008K
  class space    used 2938K, capacity 3154K, committed 3200K, reserved 1048576K
}
Event: 13.440 GC heap before
{Heap before GC invocations=5 (full 1):
 PSYoungGen      total 38400K, used 33280K [0x00000000d5980000, 0x00000000da480000, 0x0000000100000000)
  eden space 33280K, 100% used [0x00000000d5980000,0x00000000d7a00000,0x00000000d7a00000)
  from space 5120K, 0% used [0x00000000d7a00000,0x00000000d7a00000,0x00000000d7f00000)
  to   space 5120K, 0% used [0x00000000d9f80000,0x00000000d9f80000,0x00000000da480000)
 ParOldGen       total 111616K, used 38781K [0x0000000080c00000, 0x0000000087900000, 0x00000000d5980000)
  object space 111616K, 34% used [0x0000000080c00000,0x00000000831df7e8,0x0000000087900000)
 Metaspace       used 22969K, capacity 24044K, committed 24320K, reserved 1071104K
  class space    used 3237K, capacity 3485K, committed 3584K, reserved 1048576K
Event: 13.445 GC heap after
Heap after GC invocations=5 (full 1):
 PSYoungGen      total 47616K, used 3916K [0x00000000d5980000, 0x00000000da380000, 0x0000000100000000)
  eden space 43520K, 0% used [0x00000000d5980000,0x00000000d5980000,0x00000000d8400000)
  from space 4096K, 95% used [0x00000000d9f80000,0x00000000da353150,0x00000000da380000)
  to   space 5120K, 0% used [0x00000000d9980000,0x00000000d9980000,0x00000000d9e80000)
 ParOldGen       total 111616K, used 40837K [0x0000000080c00000, 0x0000000087900000, 0x00000000d5980000)
  object space 111616K, 36% used [0x0000000080c00000,0x00000000833e17f8,0x0000000087900000)
 Metaspace       used 22969K, capacity 24044K, committed 24320K, reserved 1071104K
  class space    used 3237K, capacity 3485K, committed 3584K, reserved 1048576K
}
Event: 15.192 GC heap before
{Heap before GC invocations=6 (full 1):
 PSYoungGen      total 47616K, used 47436K [0x00000000d5980000, 0x00000000da380000, 0x0000000100000000)
  eden space 43520K, 100% used [0x00000000d5980000,0x00000000d8400000,0x00000000d8400000)
  from space 4096K, 95% used [0x00000000d9f80000,0x00000000da353150,0x00000000da380000)
  to   space 5120K, 0% used [0x00000000d9980000,0x00000000d9980000,0x00000000d9e80000)
 ParOldGen       total 111616K, used 40837K [0x0000000080c00000, 0x0000000087900000, 0x00000000d5980000)
  object space 111616K, 36% used [0x0000000080c00000,0x00000000833e17f8,0x0000000087900000)
 Metaspace       used 27406K, capacity 28432K, committed 28544K, reserved 1073152K
  class space    used 3693K, capacity 3939K, committed 3968K, reserved 1048576K
Event: 15.199 GC heap after
Heap after GC invocations=6 (full 1):
 PSYoungGen      total 60416K, used 5119K [0x00000000d5980000, 0x00000000db180000, 0x0000000100000000)
  eden space 55296K, 0% used [0x00000000d5980000,0x00000000d5980000,0x00000000d8f80000)
  from space 5120K, 99% used [0x00000000d9980000,0x00000000d9e7fd10,0x00000000d9e80000)
  to   space 17408K, 0% used [0x00000000da080000,0x00000000da080000,0x00000000db180000)
 ParOldGen       total 111616K, used 43041K [0x0000000080c00000, 0x0000000087900000, 0x00000000d5980000)
  object space 111616K, 38% used [0x0000000080c00000,0x00000000836085c8,0x0000000087900000)
 Metaspace       used 27406K, capacity 28432K, committed 28544K, reserved 1073152K
  class space    used 3693K, capacity 3939K, committed 3968K, reserved 1048576K
}

