# JRE version: Java(TM) SE Runtime Environment (8.0_45-b14) (build 1.8.0_45-b14)
# Java VM: Java HotSpot(TM) 64-Bit Server VM (25.45-b02 mixed mode windows-amd64 compressed oops)
Heap:
 PSYoungGen      total 166400K, used 94952K [0x00000000d5980000, 0x00000000e0700000, 0x0000000100000000)
  eden space 156160K, 59% used [0x00000000d5980000,0x00000000db4a63d0,0x00000000df200000)
  from space 10240K, 15% used [0x00000000df200000,0x00000000df394020,0x00000000dfc00000)
  to   space 9728K, 0% used [0x00000000dfd80000,0x00000000dfd80000,0x00000000e0700000)
 ParOldGen       total 74240K, used 37438K [0x0000000080c00000, 0x0000000085480000, 0x00000000d5980000)
  object space 74240K, 50% used [0x0000000080c00000,0x000000008308f890,0x0000000085480000)
 Metaspace       used 31973K, capacity 33206K, committed 33408K, reserved 1079296K
  class space    used 4134K, capacity 4386K, committed 4480K, reserved 1048576K
GC Heap History (10 events):
Event: 55.031 GC heap before
{Heap before GC invocations=40 (full 1):
 PSYoungGen      total 160768K, used 155252K [0x00000000d5980000, 0x00000000e0200000, 0x0000000100000000)
  eden space 151040K, 99% used [0x00000000d5980000,0x00000000dec15028,0x00000000ded00000)
  from space 9728K, 52% used [0x00000000df880000,0x00000000dfd88050,0x00000000e0200000)
  to   space 10752K, 0% used [0x00000000ded00000,0x00000000ded00000,0x00000000df780000)
 ParOldGen       total 74240K, used 31305K [0x0000000080c00000, 0x0000000085480000, 0x00000000d5980000)
  object space 74240K, 42% used [0x0000000080c00000,0x0000000082a92768,0x0000000085480000)
 Metaspace       used 31928K, capacity 33206K, committed 33408K, reserved 1079296K
  class space    used 4131K, capacity 4386K, committed 4480K, reserved 1048576K
Event: 55.033 GC heap after
Heap after GC invocations=40 (full 1):
 PSYoungGen      total 161792K, used 1584K [0x00000000d5980000, 0x00000000e0580000, 0x0000000100000000)
  eden space 151040K, 0% used [0x00000000d5980000,0x00000000d5980000,0x00000000ded00000)
  from space 10752K, 14% used [0x00000000ded00000,0x00000000dee8c020,0x00000000df780000)
  to   space 10752K, 0% used [0x00000000dfb00000,0x00000000dfb00000,0x00000000e0580000)
 ParOldGen       total 74240K, used 31321K [0x0000000080c00000, 0x0000000085480000, 0x00000000d5980000)
  object space 74240K, 42% used [0x0000000080c00000,0x0000000082a96768,0x0000000085480000)
 Metaspace       used 31928K, capacity 33206K, committed 33408K, reserved 1079296K
  class space    used 4131K, capacity 4386K, committed 4480K, reserved 1048576K
}
Event: 57.211 GC heap before
{Heap before GC invocations=41 (full 1):
 PSYoungGen      total 161792K, used 152624K [0x00000000d5980000, 0x00000000e0580000, 0x0000000100000000)
  eden space 151040K, 100% used [0x00000000d5980000,0x00000000ded00000,0x00000000ded00000)
  from space 10752K, 14% used [0x00000000ded00000,0x00000000dee8c020,0x00000000df780000)
  to   space 10752K, 0% used [0x00000000dfb00000,0x00000000dfb00000,0x00000000e0580000)
 ParOldGen       total 74240K, used 37326K [0x0000000080c00000, 0x0000000085480000, 0x00000000d5980000)
  object space 74240K, 50% used [0x0000000080c00000,0x0000000083073890,0x0000000085480000)
 Metaspace       used 31932K, capacity 33206K, committed 33408K, reserved 1079296K
  class space    used 4131K, capacity 4386K, committed 4480K, reserved 1048576K
Event: 57.213 GC heap after
Heap after GC invocations=41 (full 1):
 PSYoungGen      total 164352K, used 384K [0x00000000d5980000, 0x00000000e0500000, 0x0000000100000000)
  eden space 154112K, 0% used [0x00000000d5980000,0x00000000d5980000,0x00000000df000000)
  from space 10240K, 3% used [0x00000000dfb00000,0x00000000dfb60010,0x00000000e0500000)
  to   space 10752K, 0% used [0x00000000df000000,0x00000000df000000,0x00000000dfa80000)
 ParOldGen       total 74240K, used 37334K [0x0000000080c00000, 0x0000000085480000, 0x00000000d5980000)
  object space 74240K, 50% used [0x0000000080c00000,0x0000000083075890,0x0000000085480000)
 Metaspace       used 31932K, capacity 33206K, committed 33408K, reserved 1079296K
  class space    used 4131K, capacity 4386K, committed 4480K, reserved 1048576K
}
Event: 59.329 GC heap before
{Heap before GC invocations=42 (full 1):
 PSYoungGen      total 164352K, used 153573K [0x00000000d5980000, 0x00000000e0500000, 0x0000000100000000)
  eden space 154112K, 99% used [0x00000000d5980000,0x00000000def19788,0x00000000df000000)
  from space 10240K, 3% used [0x00000000dfb00000,0x00000000dfb60010,0x00000000e0500000)
  to   space 10752K, 0% used [0x00000000df000000,0x00000000df000000,0x00000000dfa80000)
 ParOldGen       total 74240K, used 37334K [0x0000000080c00000, 0x0000000085480000, 0x00000000d5980000)
  object space 74240K, 50% used [0x0000000080c00000,0x0000000083075890,0x0000000085480000)
 Metaspace       used 31941K, capacity 33206K, committed 33408K, reserved 1079296K
  class space    used 4133K, capacity 4386K, committed 4480K, reserved 1048576K
Event: 59.331 GC heap after
Heap after GC invocations=42 (full 1):
 PSYoungGen      total 164864K, used 1584K [0x00000000d5980000, 0x00000000e0680000, 0x0000000100000000)
  eden space 154112K, 0% used [0x00000000d5980000,0x00000000d5980000,0x00000000df000000)
  from space 10752K, 14% used [0x00000000df000000,0x00000000df18c020,0x00000000dfa80000)
  to   space 10240K, 0% used [0x00000000dfc80000,0x00000000dfc80000,0x00000000e0680000)
 ParOldGen       total 74240K, used 37366K [0x0000000080c00000, 0x0000000085480000, 0x00000000d5980000)
  object space 74240K, 50% used [0x0000000080c00000,0x000000008307d890,0x0000000085480000)
 Metaspace       used 31941K, capacity 33206K, committed 33408K, reserved 1079296K
  class space    used 4133K, capacity 4386K, committed 4480K, reserved 1048576K
}
Event: 61.445 GC heap before
{Heap before GC invocations=43 (full 1):
 PSYoungGen      total 164864K, used 154839K [0x00000000d5980000, 0x00000000e0680000, 0x0000000100000000)
  eden space 154112K, 99% used [0x00000000d5980000,0x00000000def29e98,0x00000000df000000)
  from space 10752K, 14% used [0x00000000df000000,0x00000000df18c020,0x00000000dfa80000)
  to   space 10240K, 0% used [0x00000000dfc80000,0x00000000dfc80000,0x00000000e0680000)
 ParOldGen       total 74240K, used 37366K [0x0000000080c00000, 0x0000000085480000, 0x00000000d5980000)
  object space 74240K, 50% used [0x0000000080c00000,0x000000008307d890,0x0000000085480000)
 Metaspace       used 31952K, capacity 33206K, committed 33408K, reserved 1079296K
  class space    used 4134K, capacity 4386K, committed 4480K, reserved 1048576K
Event: 61.447 GC heap after
Heap after GC invocations=43 (full 1):
 PSYoungGen      total 165888K, used 1616K [0x00000000d5980000, 0x00000000e0600000, 0x0000000100000000)
  eden space 156160K, 0% used [0x00000000d5980000,0x00000000d5980000,0x00000000df200000)
  from space 9728K, 16% used [0x00000000dfc80000,0x00000000dfe14020,0x00000000e0600000)
  to   space 10240K, 0% used [0x00000000df200000,0x00000000df200000,0x00000000dfc00000)
 ParOldGen       total 74240K, used 37398K [0x0000000080c00000, 0x0000000085480000, 0x00000000d5980000)
  object space 74240K, 50% used [0x0000000080c00000,0x0000000083085890,0x0000000085480000)
 Metaspace       used 31952K, capacity 33206K, committed 33408K, reserved 1079296K
  class space    used 4134K, capacity 4386K, committed 4480K, reserved 1048576K
}
Event: 63.599 GC heap before
{Heap before GC invocations=44 (full 1):
 PSYoungGen      total 165888K, used 157599K [0x00000000d5980000, 0x00000000e0600000, 0x0000000100000000)
  eden space 156160K, 99% used [0x00000000d5980000,0x00000000df1d3d90,0x00000000df200000)
  from space 9728K, 16% used [0x00000000dfc80000,0x00000000dfe14020,0x00000000e0600000)
  to   space 10240K, 0% used [0x00000000df200000,0x00000000df200000,0x00000000dfc00000)
 ParOldGen       total 74240K, used 37398K [0x0000000080c00000, 0x0000000085480000, 0x00000000d5980000)
  object space 74240K, 50% used [0x0000000080c00000,0x0000000083085890,0x0000000085480000)
 Metaspace       used 31957K, capacity 33206K, committed 33408K, reserved 1079296K
  class space    used 4134K, capacity 4386K, committed 4480K, reserved 1048576K
Event: 63.601 GC heap after
Heap after GC invocations=44 (full 1):
 PSYoungGen      total 166400K, used 1616K [0x00000000d5980000, 0x00000000e0700000, 0x0000000100000000)
  eden space 156160K, 0% used [0x00000000d5980000,0x00000000d5980000,0x00000000df200000)
  from space 10240K, 15% used [0x00000000df200000,0x00000000df394020,0x00000000dfc00000)
  to   space 9728K, 0% used [0x00000000dfd80000,0x00000000dfd80000,0x00000000e0700000)
 ParOldGen       total 74240K, used 37438K [0x0000000080c00000, 0x0000000085480000, 0x00000000d5980000)
  object space 74240K, 50% used [0x0000000080c00000,0x000000008308f890,0x0000000085480000)
 Metaspace       used 31957K, capacity 33206K, committed 33408K, reserved 1079296K
  class space    used 4134K, capacity 4386K, committed 4480K, reserved 1048576K
}

