# JRE version: Java(TM) SE Runtime Environment (8.0_45-b14) (build 1.8.0_45-b14)
# Java VM: Java HotSpot(TM) 64-Bit Server VM (25.45-b02 mixed mode windows-amd64 compressed oops)
Heap:
 PSYoungGen      total 97792K, used 24413K [0x00000000d5980000, 0x00000000dca00000, 0x0000000100000000)
  eden space 94720K, 22% used [0x00000000d5980000,0x00000000d6eb7338,0x00000000db600000)
  from space 3072K, 87% used [0x00000000dbe00000,0x00000000dc0a0260,0x00000000dc100000)
  to   space 6656K, 0% used [0x00000000dc380000,0x00000000dc380000,0x00000000dca00000)
 ParOldGen       total 73728K, used 23505K [0x0000000080c00000, 0x0000000085400000, 0x00000000d5980000)
  object space 73728K, 31% used [0x0000000080c00000,0x00000000822f4590,0x0000000085400000)
 Metaspace       used 32343K, capacity 33566K, committed 33792K, reserved 1079296K
  class space    used 4097K, capacity 4334K, committed 4352K, reserved 1048576K
GC Heap History (10 events):
Event: 108.870 GC heap before
{Heap before GC invocations=58 (full 1):
 PSYoungGen      total 112640K, used 112125K [0x00000000d5980000, 0x00000000dd900000, 0x0000000100000000)
  eden space 109568K, 99% used [0x00000000d5980000,0x00000000dc4652f0,0x00000000dc480000)
  from space 3072K, 86% used [0x00000000dd600000,0x00000000dd89a1a0,0x00000000dd900000)
  to   space 7680K, 0% used [0x00000000dca00000,0x00000000dca00000,0x00000000dd180000)
 ParOldGen       total 73728K, used 23465K [0x0000000080c00000, 0x0000000085400000, 0x00000000d5980000)
  object space 73728K, 31% used [0x0000000080c00000,0x00000000822ea590,0x0000000085400000)
 Metaspace       used 32290K, capacity 33438K, committed 33536K, reserved 1079296K
  class space    used 4097K, capacity 4334K, committed 4352K, reserved 1048576K
Event: 108.873 GC heap after
Heap after GC invocations=58 (full 1):
 PSYoungGen      total 110080K, used 3334K [0x00000000d5980000, 0x00000000dd680000, 0x0000000100000000)
  eden space 106496K, 0% used [0x00000000d5980000,0x00000000d5980000,0x00000000dc180000)
  from space 3584K, 93% used [0x00000000dca00000,0x00000000dcd41a80,0x00000000dcd80000)
  to   space 7168K, 0% used [0x00000000dcf80000,0x00000000dcf80000,0x00000000dd680000)
 ParOldGen       total 73728K, used 23473K [0x0000000080c00000, 0x0000000085400000, 0x00000000d5980000)
  object space 73728K, 31% used [0x0000000080c00000,0x00000000822ec590,0x0000000085400000)
 Metaspace       used 32290K, capacity 33438K, committed 33536K, reserved 1079296K
  class space    used 4097K, capacity 4334K, committed 4352K, reserved 1048576K
}
Event: 110.464 GC heap before
{Heap before GC invocations=59 (full 1):
 PSYoungGen      total 110080K, used 109048K [0x00000000d5980000, 0x00000000dd680000, 0x0000000100000000)
  eden space 106496K, 99% used [0x00000000d5980000,0x00000000dc0bc958,0x00000000dc180000)
  from space 3584K, 93% used [0x00000000dca00000,0x00000000dcd41a80,0x00000000dcd80000)
  to   space 7168K, 0% used [0x00000000dcf80000,0x00000000dcf80000,0x00000000dd680000)
 ParOldGen       total 73728K, used 23473K [0x0000000080c00000, 0x0000000085400000, 0x00000000d5980000)
  object space 73728K, 31% used [0x0000000080c00000,0x00000000822ec590,0x0000000085400000)
 Metaspace       used 32305K, capacity 33502K, committed 33792K, reserved 1079296K
  class space    used 4097K, capacity 4334K, committed 4352K, reserved 1048576K
Event: 110.467 GC heap after
Heap after GC invocations=59 (full 1):
 PSYoungGen      total 105472K, used 1971K [0x00000000d5980000, 0x00000000dd180000, 0x0000000100000000)
  eden space 103424K, 0% used [0x00000000d5980000,0x00000000d5980000,0x00000000dbe80000)
  from space 2048K, 96% used [0x00000000dcf80000,0x00000000dd16cd90,0x00000000dd180000)
  to   space 7168K, 0% used [0x00000000dc380000,0x00000000dc380000,0x00000000dca80000)
 ParOldGen       total 73728K, used 23489K [0x0000000080c00000, 0x0000000085400000, 0x00000000d5980000)
  object space 73728K, 31% used [0x0000000080c00000,0x00000000822f0590,0x0000000085400000)
 Metaspace       used 32305K, capacity 33502K, committed 33792K, reserved 1079296K
  class space    used 4097K, capacity 4334K, committed 4352K, reserved 1048576K
}
Event: 112.538 GC heap before
{Heap before GC invocations=60 (full 1):
 PSYoungGen      total 105472K, used 104303K [0x00000000d5980000, 0x00000000dd180000, 0x0000000100000000)
  eden space 103424K, 98% used [0x00000000d5980000,0x00000000dbd6f1b8,0x00000000dbe80000)
  from space 2048K, 96% used [0x00000000dcf80000,0x00000000dd16cd90,0x00000000dd180000)
  to   space 7168K, 0% used [0x00000000dc380000,0x00000000dc380000,0x00000000dca80000)
 ParOldGen       total 73728K, used 23489K [0x0000000080c00000, 0x0000000085400000, 0x00000000d5980000)
  object space 73728K, 31% used [0x0000000080c00000,0x00000000822f0590,0x0000000085400000)
 Metaspace       used 32305K, capacity 33502K, committed 33792K, reserved 1079296K
  class space    used 4097K, capacity 4334K, committed 4352K, reserved 1048576K
Event: 112.540 GC heap after
Heap after GC invocations=60 (full 1):
 PSYoungGen      total 102400K, used 1699K [0x00000000d5980000, 0x00000000dd000000, 0x0000000100000000)
  eden space 100352K, 0% used [0x00000000d5980000,0x00000000d5980000,0x00000000dbb80000)
  from space 2048K, 82% used [0x00000000dc380000,0x00000000dc528d40,0x00000000dc580000)
  to   space 6656K, 0% used [0x00000000dc980000,0x00000000dc980000,0x00000000dd000000)
 ParOldGen       total 73728K, used 23489K [0x0000000080c00000, 0x0000000085400000, 0x00000000d5980000)
  object space 73728K, 31% used [0x0000000080c00000,0x00000000822f0590,0x0000000085400000)
 Metaspace       used 32305K, capacity 33502K, committed 33792K, reserved 1079296K
  class space    used 4097K, capacity 4334K, committed 4352K, reserved 1048576K
}
Event: 114.488 GC heap before
{Heap before GC invocations=61 (full 1):
 PSYoungGen      total 102400K, used 101707K [0x00000000d5980000, 0x00000000dd000000, 0x0000000100000000)
  eden space 100352K, 99% used [0x00000000d5980000,0x00000000dbb2a1b0,0x00000000dbb80000)
  from space 2048K, 82% used [0x00000000dc380000,0x00000000dc528d40,0x00000000dc580000)
  to   space 6656K, 0% used [0x00000000dc980000,0x00000000dc980000,0x00000000dd000000)
 ParOldGen       total 73728K, used 23489K [0x0000000080c00000, 0x0000000085400000, 0x00000000d5980000)
  object space 73728K, 31% used [0x0000000080c00000,0x00000000822f0590,0x0000000085400000)
 Metaspace       used 32319K, capacity 33502K, committed 33792K, reserved 1079296K
  class space    used 4097K, capacity 4334K, committed 4352K, reserved 1048576K
Event: 114.490 GC heap after
Heap after GC invocations=61 (full 1):
 PSYoungGen      total 98816K, used 1473K [0x00000000d5980000, 0x00000000dcb00000, 0x0000000100000000)
  eden space 97280K, 0% used [0x00000000d5980000,0x00000000d5980000,0x00000000db880000)
  from space 1536K, 95% used [0x00000000dc980000,0x00000000dcaf0480,0x00000000dcb00000)
  to   space 6656K, 0% used [0x00000000dbe00000,0x00000000dbe00000,0x00000000dc480000)
 ParOldGen       total 73728K, used 23497K [0x0000000080c00000, 0x0000000085400000, 0x00000000d5980000)
  object space 73728K, 31% used [0x0000000080c00000,0x00000000822f2590,0x0000000085400000)
 Metaspace       used 32319K, capacity 33502K, committed 33792K, reserved 1079296K
  class space    used 4097K, capacity 4334K, committed 4352K, reserved 1048576K
}
Event: 116.418 GC heap before
{Heap before GC invocations=62 (full 1):
 PSYoungGen      total 98816K, used 98209K [0x00000000d5980000, 0x00000000dcb00000, 0x0000000100000000)
  eden space 97280K, 99% used [0x00000000d5980000,0x00000000db7f7fc0,0x00000000db880000)
  from space 1536K, 95% used [0x00000000dc980000,0x00000000dcaf0480,0x00000000dcb00000)
  to   space 6656K, 0% used [0x00000000dbe00000,0x00000000dbe00000,0x00000000dc480000)
 ParOldGen       total 73728K, used 23497K [0x0000000080c00000, 0x0000000085400000, 0x00000000d5980000)
  object space 73728K, 31% used [0x0000000080c00000,0x00000000822f2590,0x0000000085400000)
 Metaspace       used 32330K, capacity 33566K, committed 33792K, reserved 1079296K
  class space    used 4097K, capacity 4334K, committed 4352K, reserved 1048576K
Event: 116.420 GC heap after
Heap after GC invocations=62 (full 1):
 PSYoungGen      total 97792K, used 2688K [0x00000000d5980000, 0x00000000dca00000, 0x0000000100000000)
  eden space 94720K, 0% used [0x00000000d5980000,0x00000000d5980000,0x00000000db600000)
  from space 3072K, 87% used [0x00000000dbe00000,0x00000000dc0a0260,0x00000000dc100000)
  to   space 6656K, 0% used [0x00000000dc380000,0x00000000dc380000,0x00000000dca00000)
 ParOldGen       total 73728K, used 23505K [0x0000000080c00000, 0x0000000085400000, 0x00000000d5980000)
  object space 73728K, 31% used [0x0000000080c00000,0x00000000822f4590,0x0000000085400000)
 Metaspace       used 32330K, capacity 33566K, committed 33792K, reserved 1079296K
  class space    used 4097K, capacity 4334K, committed 4352K, reserved 1048576K
}

