# JRE version: Java(TM) SE Runtime Environment (8.0_45-b14) (build 1.8.0_45-b14)
# Java VM: Java HotSpot(TM) 64-Bit Server VM (25.45-b02 mixed mode windows-amd64 compressed oops)
Heap:
 PSYoungGen      total 119808K, used 25493K [0x00000000d5980000, 0x00000000ddc00000, 0x0000000100000000)
  eden space 107008K, 20% used [0x00000000d5980000,0x00000000d6f654b0,0x00000000dc200000)
  from space 12800K, 24% used [0x00000000dcf80000,0x00000000dd280020,0x00000000ddc00000)
  to   space 13312K, 0% used [0x00000000dc200000,0x00000000dc200000,0x00000000dcf00000)
 ParOldGen       total 73216K, used 27604K [0x0000000080c00000, 0x0000000085380000, 0x00000000d5980000)
  object space 73216K, 37% used [0x0000000080c00000,0x00000000826f52c8,0x0000000085380000)
 Metaspace       used 31355K, capacity 32600K, committed 32816K, reserved 1077248K
  class space    used 4057K, capacity 4309K, committed 4400K, reserved 1048576K
GC Heap History (10 events):
Event: 66.173 GC heap before
{Heap before GC invocations=27 (full 1):
 PSYoungGen      total 116224K, used 101957K [0x00000000d5980000, 0x00000000ddc00000, 0x0000000100000000)
  eden space 99840K, 99% used [0x00000000d5980000,0x00000000dba19610,0x00000000dbb00000)
  from space 16384K, 18% used [0x00000000dbb00000,0x00000000dbdf8020,0x00000000dcb00000)
  to   space 15872K, 0% used [0x00000000dcc80000,0x00000000dcc80000,0x00000000ddc00000)
 ParOldGen       total 73216K, used 27484K [0x0000000080c00000, 0x0000000085380000, 0x00000000d5980000)
  object space 73216K, 37% used [0x0000000080c00000,0x00000000826d72c8,0x0000000085380000)
 Metaspace       used 31296K, capacity 32536K, committed 32816K, reserved 1077248K
  class space    used 4055K, capacity 4309K, committed 4400K, reserved 1048576K
Event: 66.184 GC heap after
Heap after GC invocations=27 (full 1):
 PSYoungGen      total 116736K, used 5472K [0x00000000d5980000, 0x00000000dda80000, 0x0000000100000000)
  eden space 102400K, 0% used [0x00000000d5980000,0x00000000d5980000,0x00000000dbd80000)
  from space 14336K, 38% used [0x00000000dcc80000,0x00000000dd1d8040,0x00000000dda80000)
  to   space 14848K, 0% used [0x00000000dbd80000,0x00000000dbd80000,0x00000000dcc00000)
 ParOldGen       total 73216K, used 27508K [0x0000000080c00000, 0x0000000085380000, 0x00000000d5980000)
  object space 73216K, 37% used [0x0000000080c00000,0x00000000826dd2c8,0x0000000085380000)
 Metaspace       used 31296K, capacity 32536K, committed 32816K, reserved 1077248K
  class space    used 4055K, capacity 4309K, committed 4400K, reserved 1048576K
}
Event: 69.248 GC heap before
{Heap before GC invocations=28 (full 1):
 PSYoungGen      total 116736K, used 106760K [0x00000000d5980000, 0x00000000dda80000, 0x0000000100000000)
  eden space 102400K, 98% used [0x00000000d5980000,0x00000000dbc6a298,0x00000000dbd80000)
  from space 14336K, 38% used [0x00000000dcc80000,0x00000000dd1d8040,0x00000000dda80000)
  to   space 14848K, 0% used [0x00000000dbd80000,0x00000000dbd80000,0x00000000dcc00000)
 ParOldGen       total 73216K, used 27508K [0x0000000080c00000, 0x0000000085380000, 0x00000000d5980000)
  object space 73216K, 37% used [0x0000000080c00000,0x00000000826dd2c8,0x0000000085380000)
 Metaspace       used 31305K, capacity 32536K, committed 32816K, reserved 1077248K
  class space    used 4056K, capacity 4309K, committed 4400K, reserved 1048576K
Event: 69.252 GC heap after
Heap after GC invocations=28 (full 1):
 PSYoungGen      total 117248K, used 1936K [0x00000000d5980000, 0x00000000ddc80000, 0x0000000100000000)
  eden space 102400K, 0% used [0x00000000d5980000,0x00000000d5980000,0x00000000dbd80000)
  from space 14848K, 13% used [0x00000000dbd80000,0x00000000dbf64010,0x00000000dcc00000)
  to   space 14848K, 0% used [0x00000000dce00000,0x00000000dce00000,0x00000000ddc80000)
 ParOldGen       total 73216K, used 27524K [0x0000000080c00000, 0x0000000085380000, 0x00000000d5980000)
  object space 73216K, 37% used [0x0000000080c00000,0x00000000826e12c8,0x0000000085380000)
 Metaspace       used 31305K, capacity 32536K, committed 32816K, reserved 1077248K
  class space    used 4056K, capacity 4309K, committed 4400K, reserved 1048576K
}
Event: 71.375 GC heap before
{Heap before GC invocations=29 (full 1):
 PSYoungGen      total 117248K, used 103425K [0x00000000d5980000, 0x00000000ddc80000, 0x0000000100000000)
  eden space 102400K, 99% used [0x00000000d5980000,0x00000000dbc9c3f0,0x00000000dbd80000)
  from space 14848K, 13% used [0x00000000dbd80000,0x00000000dbf64010,0x00000000dcc00000)
  to   space 14848K, 0% used [0x00000000dce00000,0x00000000dce00000,0x00000000ddc80000)
 ParOldGen       total 73216K, used 27524K [0x0000000080c00000, 0x0000000085380000, 0x00000000d5980000)
  object space 73216K, 37% used [0x0000000080c00000,0x00000000826e12c8,0x0000000085380000)
 Metaspace       used 31310K, capacity 32600K, committed 32816K, reserved 1077248K
  class space    used 4056K, capacity 4309K, committed 4400K, reserved 1048576K
Event: 71.380 GC heap after
Heap after GC invocations=29 (full 1):
 PSYoungGen      total 118272K, used 3104K [0x00000000d5980000, 0x00000000ddb80000, 0x0000000100000000)
  eden space 104448K, 0% used [0x00000000d5980000,0x00000000d5980000,0x00000000dbf80000)
  from space 13824K, 22% used [0x00000000dce00000,0x00000000dd108020,0x00000000ddb80000)
  to   space 14336K, 0% used [0x00000000dbf80000,0x00000000dbf80000,0x00000000dcd80000)
 ParOldGen       total 73216K, used 27548K [0x0000000080c00000, 0x0000000085380000, 0x00000000d5980000)
  object space 73216K, 37% used [0x0000000080c00000,0x00000000826e72c8,0x0000000085380000)
 Metaspace       used 31310K, capacity 32600K, committed 32816K, reserved 1077248K
  class space    used 4056K, capacity 4309K, committed 4400K, reserved 1048576K
}
Event: 73.472 GC heap before
{Heap before GC invocations=30 (full 1):
 PSYoungGen      total 118272K, used 106999K [0x00000000d5980000, 0x00000000ddb80000, 0x0000000100000000)
  eden space 104448K, 99% used [0x00000000d5980000,0x00000000dbef5ed8,0x00000000dbf80000)
  from space 13824K, 22% used [0x00000000dce00000,0x00000000dd108020,0x00000000ddb80000)
  to   space 14336K, 0% used [0x00000000dbf80000,0x00000000dbf80000,0x00000000dcd80000)
 ParOldGen       total 73216K, used 27548K [0x0000000080c00000, 0x0000000085380000, 0x00000000d5980000)
  object space 73216K, 37% used [0x0000000080c00000,0x00000000826e72c8,0x0000000085380000)
 Metaspace       used 31310K, capacity 32600K, committed 32816K, reserved 1077248K
  class space    used 4056K, capacity 4309K, committed 4400K, reserved 1048576K
Event: 73.478 GC heap after
Heap after GC invocations=30 (full 1):
 PSYoungGen      total 118784K, used 1904K [0x00000000d5980000, 0x00000000ddd00000, 0x0000000100000000)
  eden space 104448K, 0% used [0x00000000d5980000,0x00000000d5980000,0x00000000dbf80000)
  from space 14336K, 13% used [0x00000000dbf80000,0x00000000dc15c010,0x00000000dcd80000)
  to   space 13824K, 0% used [0x00000000dcf80000,0x00000000dcf80000,0x00000000ddd00000)
 ParOldGen       total 73216K, used 27572K [0x0000000080c00000, 0x0000000085380000, 0x00000000d5980000)
  object space 73216K, 37% used [0x0000000080c00000,0x00000000826ed2c8,0x0000000085380000)
 Metaspace       used 31310K, capacity 32600K, committed 32816K, reserved 1077248K
  class space    used 4056K, capacity 4309K, committed 4400K, reserved 1048576K
}
Event: 75.526 GC heap before
{Heap before GC invocations=31 (full 1):
 PSYoungGen      total 118784K, used 106298K [0x00000000d5980000, 0x00000000ddd00000, 0x0000000100000000)
  eden space 104448K, 99% used [0x00000000d5980000,0x00000000dbf72968,0x00000000dbf80000)
  from space 14336K, 13% used [0x00000000dbf80000,0x00000000dc15c010,0x00000000dcd80000)
  to   space 13824K, 0% used [0x00000000dcf80000,0x00000000dcf80000,0x00000000ddd00000)
 ParOldGen       total 73216K, used 27572K [0x0000000080c00000, 0x0000000085380000, 0x00000000d5980000)
  object space 73216K, 37% used [0x0000000080c00000,0x00000000826ed2c8,0x0000000085380000)
 Metaspace       used 31321K, capacity 32600K, committed 32816K, reserved 1077248K
  class space    used 4056K, capacity 4309K, committed 4400K, reserved 1048576K
Event: 75.532 GC heap after
Heap after GC invocations=31 (full 1):
 PSYoungGen      total 119808K, used 3072K [0x00000000d5980000, 0x00000000ddc00000, 0x0000000100000000)
  eden space 107008K, 0% used [0x00000000d5980000,0x00000000d5980000,0x00000000dc200000)
  from space 12800K, 24% used [0x00000000dcf80000,0x00000000dd280020,0x00000000ddc00000)
  to   space 13312K, 0% used [0x00000000dc200000,0x00000000dc200000,0x00000000dcf00000)
 ParOldGen       total 73216K, used 27604K [0x0000000080c00000, 0x0000000085380000, 0x00000000d5980000)
  object space 73216K, 37% used [0x0000000080c00000,0x00000000826f52c8,0x0000000085380000)
 Metaspace       used 31321K, capacity 32600K, committed 32816K, reserved 1077248K
  class space    used 4056K, capacity 4309K, committed 4400K, reserved 1048576K
}

