# JRE version: Java(TM) SE Runtime Environment (8.0_45-b14) (build 1.8.0_45-b14)
# Java VM: Java HotSpot(TM) 64-Bit Server VM (25.45-b02 mixed mode windows-amd64 compressed oops)
Heap:
 PSYoungGen      total 28160K, used 5785K [0x00000000d5980000, 0x00000000d7a80000, 0x0000000100000000)
  eden space 22528K, 16% used [0x00000000d5980000,0x00000000d5d34ff8,0x00000000d6f80000)
  from space 5632K, 35% used [0x00000000d6f80000,0x00000000d71714e0,0x00000000d7500000)
  to   space 5632K, 0% used [0x00000000d7500000,0x00000000d7500000,0x00000000d7a80000)
 ParOldGen       total 67584K, used 37641K [0x0000000080c00000, 0x0000000084e00000, 0x00000000d5980000)
  object space 67584K, 55% used [0x0000000080c00000,0x00000000830c2708,0x0000000084e00000)
 Metaspace       used 31537K, capacity 32664K, committed 32768K, reserved 1077248K
  class space    used 4030K, capacity 4305K, committed 4352K, reserved 1048576K
GC Heap History (10 events):
Event: 195.276 GC heap before
{Heap before GC invocations=264 (full 1):
 PSYoungGen      total 27136K, used 25985K [0x00000000d5980000, 0x00000000d7880000, 0x0000000100000000)
  eden space 22528K, 98% used [0x00000000d5980000,0x00000000d6f34478,0x00000000d6f80000)
  from space 4608K, 81% used [0x00000000d7400000,0x00000000d77ac030,0x00000000d7880000)
  to   space 4608K, 0% used [0x00000000d6f80000,0x00000000d6f80000,0x00000000d7400000)
 ParOldGen       total 67584K, used 37625K [0x0000000080c00000, 0x0000000084e00000, 0x00000000d5980000)
  object space 67584K, 55% used [0x0000000080c00000,0x00000000830be708,0x0000000084e00000)
 Metaspace       used 31409K, capacity 32594K, committed 32768K, reserved 1077248K
  class space    used 4029K, capacity 4304K, committed 4352K, reserved 1048576K
Event: 195.278 GC heap after
Heap after GC invocations=264 (full 1):
 PSYoungGen      total 27136K, used 3760K [0x00000000d5980000, 0x00000000d7980000, 0x0000000100000000)
  eden space 22528K, 0% used [0x00000000d5980000,0x00000000d5980000,0x00000000d6f80000)
  from space 4608K, 81% used [0x00000000d6f80000,0x00000000d732c030,0x00000000d7400000)
  to   space 5120K, 0% used [0x00000000d7480000,0x00000000d7480000,0x00000000d7980000)
 ParOldGen       total 67584K, used 37625K [0x0000000080c00000, 0x0000000084e00000, 0x00000000d5980000)
  object space 67584K, 55% used [0x0000000080c00000,0x00000000830be708,0x0000000084e00000)
 Metaspace       used 31409K, capacity 32594K, committed 32768K, reserved 1077248K
  class space    used 4029K, capacity 4304K, committed 4352K, reserved 1048576K
}
Event: 195.582 GC heap before
{Heap before GC invocations=265 (full 1):
 PSYoungGen      total 27136K, used 25946K [0x00000000d5980000, 0x00000000d7980000, 0x0000000100000000)
  eden space 22528K, 98% used [0x00000000d5980000,0x00000000d6f2a970,0x00000000d6f80000)
  from space 4608K, 81% used [0x00000000d6f80000,0x00000000d732c030,0x00000000d7400000)
  to   space 5120K, 0% used [0x00000000d7480000,0x00000000d7480000,0x00000000d7980000)
 ParOldGen       total 67584K, used 37625K [0x0000000080c00000, 0x0000000084e00000, 0x00000000d5980000)
  object space 67584K, 55% used [0x0000000080c00000,0x00000000830be708,0x0000000084e00000)
 Metaspace       used 31409K, capacity 32594K, committed 32768K, reserved 1077248K
  class space    used 4029K, capacity 4304K, committed 4352K, reserved 1048576K
Event: 195.584 GC heap after
Heap after GC invocations=265 (full 1):
 PSYoungGen      total 27648K, used 3760K [0x00000000d5980000, 0x00000000d7980000, 0x0000000100000000)
  eden space 22528K, 0% used [0x00000000d5980000,0x00000000d5980000,0x00000000d6f80000)
  from space 5120K, 73% used [0x00000000d7480000,0x00000000d782c030,0x00000000d7980000)
  to   space 5120K, 0% used [0x00000000d6f80000,0x00000000d6f80000,0x00000000d7480000)
 ParOldGen       total 67584K, used 37625K [0x0000000080c00000, 0x0000000084e00000, 0x00000000d5980000)
  object space 67584K, 55% used [0x0000000080c00000,0x00000000830be708,0x0000000084e00000)
 Metaspace       used 31409K, capacity 32594K, committed 32768K, reserved 1077248K
  class space    used 4029K, capacity 4304K, committed 4352K, reserved 1048576K
}
Event: 195.885 GC heap before
{Heap before GC invocations=266 (full 1):
 PSYoungGen      total 27648K, used 25953K [0x00000000d5980000, 0x00000000d7980000, 0x0000000100000000)
  eden space 22528K, 98% used [0x00000000d5980000,0x00000000d6f2c4b8,0x00000000d6f80000)
  from space 5120K, 73% used [0x00000000d7480000,0x00000000d782c030,0x00000000d7980000)
  to   space 5120K, 0% used [0x00000000d6f80000,0x00000000d6f80000,0x00000000d7480000)
 ParOldGen       total 67584K, used 37625K [0x0000000080c00000, 0x0000000084e00000, 0x00000000d5980000)
  object space 67584K, 55% used [0x0000000080c00000,0x00000000830be708,0x0000000084e00000)
 Metaspace       used 31409K, capacity 32594K, committed 32768K, reserved 1077248K
  class space    used 4029K, capacity 4304K, committed 4352K, reserved 1048576K
Event: 195.887 GC heap after
Heap after GC invocations=266 (full 1):
 PSYoungGen      total 27648K, used 4960K [0x00000000d5980000, 0x00000000d7a80000, 0x0000000100000000)
  eden space 22528K, 0% used [0x00000000d5980000,0x00000000d5980000,0x00000000d6f80000)
  from space 5120K, 96% used [0x00000000d6f80000,0x00000000d7458040,0x00000000d7480000)
  to   space 5632K, 0% used [0x00000000d7500000,0x00000000d7500000,0x00000000d7a80000)
 ParOldGen       total 67584K, used 37625K [0x0000000080c00000, 0x0000000084e00000, 0x00000000d5980000)
  object space 67584K, 55% used [0x0000000080c00000,0x00000000830be708,0x0000000084e00000)
 Metaspace       used 31409K, capacity 32594K, committed 32768K, reserved 1077248K
  class space    used 4029K, capacity 4304K, committed 4352K, reserved 1048576K
}
Event: 197.232 GC heap before
{Heap before GC invocations=267 (full 1):
 PSYoungGen      total 27648K, used 27486K [0x00000000d5980000, 0x00000000d7a80000, 0x0000000100000000)
  eden space 22528K, 99% used [0x00000000d5980000,0x00000000d6f7fb30,0x00000000d6f80000)
  from space 5120K, 96% used [0x00000000d6f80000,0x00000000d7458040,0x00000000d7480000)
  to   space 5632K, 0% used [0x00000000d7500000,0x00000000d7500000,0x00000000d7a80000)
 ParOldGen       total 67584K, used 37625K [0x0000000080c00000, 0x0000000084e00000, 0x00000000d5980000)
  object space 67584K, 55% used [0x0000000080c00000,0x00000000830be708,0x0000000084e00000)
 Metaspace       used 31439K, capacity 32594K, committed 32768K, reserved 1077248K
  class space    used 4029K, capacity 4304K, committed 4352K, reserved 1048576K
Event: 197.235 GC heap after
Heap after GC invocations=267 (full 1):
 PSYoungGen      total 28160K, used 1424K [0x00000000d5980000, 0x00000000d7a80000, 0x0000000100000000)
  eden space 22528K, 0% used [0x00000000d5980000,0x00000000d5980000,0x00000000d6f80000)
  from space 5632K, 25% used [0x00000000d7500000,0x00000000d7664030,0x00000000d7a80000)
  to   space 5632K, 0% used [0x00000000d6f80000,0x00000000d6f80000,0x00000000d7500000)
 ParOldGen       total 67584K, used 37633K [0x0000000080c00000, 0x0000000084e00000, 0x00000000d5980000)
  object space 67584K, 55% used [0x0000000080c00000,0x00000000830c0708,0x0000000084e00000)
 Metaspace       used 31439K, capacity 32594K, committed 32768K, reserved 1077248K
  class space    used 4029K, capacity 4304K, committed 4352K, reserved 1048576K
}
Event: 206.187 GC heap before
{Heap before GC invocations=268 (full 1):
 PSYoungGen      total 28160K, used 23952K [0x00000000d5980000, 0x00000000d7a80000, 0x0000000100000000)
  eden space 22528K, 100% used [0x00000000d5980000,0x00000000d6f80000,0x00000000d6f80000)
  from space 5632K, 25% used [0x00000000d7500000,0x00000000d7664030,0x00000000d7a80000)
  to   space 5632K, 0% used [0x00000000d6f80000,0x00000000d6f80000,0x00000000d7500000)
 ParOldGen       total 67584K, used 37633K [0x0000000080c00000, 0x0000000084e00000, 0x00000000d5980000)
  object space 67584K, 55% used [0x0000000080c00000,0x00000000830c0708,0x0000000084e00000)
 Metaspace       used 31493K, capacity 32664K, committed 32768K, reserved 1077248K
  class space    used 4030K, capacity 4305K, committed 4352K, reserved 1048576K
Event: 206.189 GC heap after
Heap after GC invocations=268 (full 1):
 PSYoungGen      total 28160K, used 1989K [0x00000000d5980000, 0x00000000d7a80000, 0x0000000100000000)
  eden space 22528K, 0% used [0x00000000d5980000,0x00000000d5980000,0x00000000d6f80000)
  from space 5632K, 35% used [0x00000000d6f80000,0x00000000d71714e0,0x00000000d7500000)
  to   space 5632K, 0% used [0x00000000d7500000,0x00000000d7500000,0x00000000d7a80000)
 ParOldGen       total 67584K, used 37641K [0x0000000080c00000, 0x0000000084e00000, 0x00000000d5980000)
  object space 67584K, 55% used [0x0000000080c00000,0x00000000830c2708,0x0000000084e00000)
 Metaspace       used 31493K, capacity 32664K, committed 32768K, reserved 1077248K
  class space    used 4030K, capacity 4305K, committed 4352K, reserved 1048576K
}

