# JRE version: Java(TM) SE Runtime Environment (8.0_45-b14) (build 1.8.0_45-b14)
# Java VM: Java HotSpot(TM) 64-Bit Server VM (25.45-b02 mixed mode windows-amd64 compressed oops)
Heap:
 PSYoungGen      total 113664K, used 65737K [0x00000000d5980000, 0x00000000dd300000, 0x0000000100000000)
  eden space 103936K, 58% used [0x00000000d5980000,0x00000000d94d2668,0x00000000dbf00000)
  from space 9728K, 51% used [0x00000000dc980000,0x00000000dce60040,0x00000000dd300000)
  to   space 10240K, 0% used [0x00000000dbf00000,0x00000000dbf00000,0x00000000dc900000)
 ParOldGen       total 73728K, used 23287K [0x0000000080c00000, 0x0000000085400000, 0x00000000d5980000)
  object space 73728K, 31% used [0x0000000080c00000,0x00000000822bde28,0x0000000085400000)
 Metaspace       used 30753K, capacity 31932K, committed 32176K, reserved 1077248K
  class space    used 4004K, capacity 4243K, committed 4272K, reserved 1048576K
GC Heap History (10 events):
Event: 34.345 GC heap before
{Heap before GC invocations=21 (full 1):
 PSYoungGen      total 102400K, used 97185K [0x00000000d5980000, 0x00000000dcc00000, 0x0000000100000000)
  eden space 91648K, 99% used [0x00000000d5980000,0x00000000db2cb238,0x00000000db300000)
  from space 10752K, 53% used [0x00000000db300000,0x00000000db89d490,0x00000000dbd80000)
  to   space 10240K, 0% used [0x00000000dc200000,0x00000000dc200000,0x00000000dcc00000)
 ParOldGen       total 73728K, used 20002K [0x0000000080c00000, 0x0000000085400000, 0x00000000d5980000)
  object space 73728K, 27% used [0x0000000080c00000,0x0000000081f88998,0x0000000085400000)
 Metaspace       used 30637K, capacity 31800K, committed 32176K, reserved 1077248K
  class space    used 4003K, capacity 4243K, committed 4272K, reserved 1048576K
Event: 34.348 GC heap after
Heap after GC invocations=21 (full 1):
 PSYoungGen      total 105984K, used 3105K [0x00000000d5980000, 0x00000000dcb80000, 0x0000000100000000)
  eden space 96256K, 0% used [0x00000000d5980000,0x00000000d5980000,0x00000000db780000)
  from space 9728K, 31% used [0x00000000dc200000,0x00000000dc508460,0x00000000dcb80000)
  to   space 10240K, 0% used [0x00000000db780000,0x00000000db780000,0x00000000dc180000)
 ParOldGen       total 73728K, used 21470K [0x0000000080c00000, 0x0000000085400000, 0x00000000d5980000)
  object space 73728K, 29% used [0x0000000080c00000,0x00000000820f79d8,0x0000000085400000)
 Metaspace       used 30637K, capacity 31800K, committed 32176K, reserved 1077248K
  class space    used 4003K, capacity 4243K, committed 4272K, reserved 1048576K
}
Event: 35.659 GC heap before
{Heap before GC invocations=22 (full 1):
 PSYoungGen      total 105984K, used 98458K [0x00000000d5980000, 0x00000000dcb80000, 0x0000000100000000)
  eden space 96256K, 99% used [0x00000000d5980000,0x00000000db69e6e8,0x00000000db780000)
  from space 9728K, 31% used [0x00000000dc200000,0x00000000dc508460,0x00000000dcb80000)
  to   space 10240K, 0% used [0x00000000db780000,0x00000000db780000,0x00000000dc180000)
 ParOldGen       total 73728K, used 21470K [0x0000000080c00000, 0x0000000085400000, 0x00000000d5980000)
  object space 73728K, 29% used [0x0000000080c00000,0x00000000820f79d8,0x0000000085400000)
 Metaspace       used 30642K, capacity 31804K, committed 32176K, reserved 1077248K
  class space    used 4003K, capacity 4243K, committed 4272K, reserved 1048576K
Event: 35.662 GC heap after
Heap after GC invocations=22 (full 1):
 PSYoungGen      total 106496K, used 1392K [0x00000000d5980000, 0x00000000dd100000, 0x0000000100000000)
  eden space 96256K, 0% used [0x00000000d5980000,0x00000000d5980000,0x00000000db780000)
  from space 10240K, 13% used [0x00000000db780000,0x00000000db8dc010,0x00000000dc180000)
  to   space 10752K, 0% used [0x00000000dc680000,0x00000000dc680000,0x00000000dd100000)
 ParOldGen       total 73728K, used 23215K [0x0000000080c00000, 0x0000000085400000, 0x00000000d5980000)
  object space 73728K, 31% used [0x0000000080c00000,0x00000000822abe28,0x0000000085400000)
 Metaspace       used 30642K, capacity 31804K, committed 32176K, reserved 1077248K
  class space    used 4003K, capacity 4243K, committed 4272K, reserved 1048576K
}
Event: 36.970 GC heap before
{Heap before GC invocations=23 (full 1):
 PSYoungGen      total 106496K, used 96712K [0x00000000d5980000, 0x00000000dd100000, 0x0000000100000000)
  eden space 96256K, 99% used [0x00000000d5980000,0x00000000db696310,0x00000000db780000)
  from space 10240K, 13% used [0x00000000db780000,0x00000000db8dc010,0x00000000dc180000)
  to   space 10752K, 0% used [0x00000000dc680000,0x00000000dc680000,0x00000000dd100000)
 ParOldGen       total 73728K, used 23215K [0x0000000080c00000, 0x0000000085400000, 0x00000000d5980000)
  object space 73728K, 31% used [0x0000000080c00000,0x00000000822abe28,0x0000000085400000)
 Metaspace       used 30643K, capacity 31804K, committed 32176K, reserved 1077248K
  class space    used 4003K, capacity 4243K, committed 4272K, reserved 1048576K
Event: 36.972 GC heap after
Heap after GC invocations=23 (full 1):
 PSYoungGen      total 111104K, used 1392K [0x00000000d5980000, 0x00000000dd180000, 0x0000000100000000)
  eden space 100352K, 0% used [0x00000000d5980000,0x00000000d5980000,0x00000000dbb80000)
  from space 10752K, 12% used [0x00000000dc680000,0x00000000dc7dc010,0x00000000dd100000)
  to   space 11264K, 0% used [0x00000000dbb80000,0x00000000dbb80000,0x00000000dc680000)
 ParOldGen       total 73728K, used 23239K [0x0000000080c00000, 0x0000000085400000, 0x00000000d5980000)
  object space 73728K, 31% used [0x0000000080c00000,0x00000000822b1e28,0x0000000085400000)
 Metaspace       used 30643K, capacity 31804K, committed 32176K, reserved 1077248K
  class space    used 4003K, capacity 4243K, committed 4272K, reserved 1048576K
}
Event: 38.316 GC heap before
{Heap before GC invocations=24 (full 1):
 PSYoungGen      total 111104K, used 100765K [0x00000000d5980000, 0x00000000dd180000, 0x0000000100000000)
  eden space 100352K, 99% used [0x00000000d5980000,0x00000000dba8b4c0,0x00000000dbb80000)
  from space 10752K, 12% used [0x00000000dc680000,0x00000000dc7dc010,0x00000000dd100000)
  to   space 11264K, 0% used [0x00000000dbb80000,0x00000000dbb80000,0x00000000dc680000)
 ParOldGen       total 73728K, used 23239K [0x0000000080c00000, 0x0000000085400000, 0x00000000d5980000)
  object space 73728K, 31% used [0x0000000080c00000,0x00000000822b1e28,0x0000000085400000)
 Metaspace       used 30708K, capacity 31868K, committed 32176K, reserved 1077248K
  class space    used 4003K, capacity 4243K, committed 4272K, reserved 1048576K
Event: 38.318 GC heap after
Heap after GC invocations=24 (full 1):
 PSYoungGen      total 111616K, used 2560K [0x00000000d5980000, 0x00000000dd400000, 0x0000000100000000)
  eden space 100352K, 0% used [0x00000000d5980000,0x00000000d5980000,0x00000000dbb80000)
  from space 11264K, 22% used [0x00000000dbb80000,0x00000000dbe00020,0x00000000dc680000)
  to   space 10752K, 0% used [0x00000000dc980000,0x00000000dc980000,0x00000000dd400000)
 ParOldGen       total 73728K, used 23255K [0x0000000080c00000, 0x0000000085400000, 0x00000000d5980000)
  object space 73728K, 31% used [0x0000000080c00000,0x00000000822b5e28,0x0000000085400000)
 Metaspace       used 30708K, capacity 31868K, committed 32176K, reserved 1077248K
  class space    used 4003K, capacity 4243K, committed 4272K, reserved 1048576K
}
Event: 39.694 GC heap before
{Heap before GC invocations=25 (full 1):
 PSYoungGen      total 111616K, used 102701K [0x00000000d5980000, 0x00000000dd400000, 0x0000000100000000)
  eden space 100352K, 99% used [0x00000000d5980000,0x00000000dbb4b5b8,0x00000000dbb80000)
  from space 11264K, 22% used [0x00000000dbb80000,0x00000000dbe00020,0x00000000dc680000)
  to   space 10752K, 0% used [0x00000000dc980000,0x00000000dc980000,0x00000000dd400000)
 ParOldGen       total 73728K, used 23255K [0x0000000080c00000, 0x0000000085400000, 0x00000000d5980000)
  object space 73728K, 31% used [0x0000000080c00000,0x00000000822b5e28,0x0000000085400000)
 Metaspace       used 30720K, capacity 31868K, committed 32176K, reserved 1077248K
  class space    used 4003K, capacity 4243K, committed 4272K, reserved 1048576K
Event: 39.697 GC heap after
Heap after GC invocations=25 (full 1):
 PSYoungGen      total 113664K, used 4992K [0x00000000d5980000, 0x00000000dd300000, 0x0000000100000000)
  eden space 103936K, 0% used [0x00000000d5980000,0x00000000d5980000,0x00000000dbf00000)
  from space 9728K, 51% used [0x00000000dc980000,0x00000000dce60040,0x00000000dd300000)
  to   space 10240K, 0% used [0x00000000dbf00000,0x00000000dbf00000,0x00000000dc900000)
 ParOldGen       total 73728K, used 23287K [0x0000000080c00000, 0x0000000085400000, 0x00000000d5980000)
  object space 73728K, 31% used [0x0000000080c00000,0x00000000822bde28,0x0000000085400000)
 Metaspace       used 30720K, capacity 31868K, committed 32176K, reserved 1077248K
  class space    used 4003K, capacity 4243K, committed 4272K, reserved 1048576K
}

